[DEBUG]2018/12/15 09:37:30 ----------------------
[DEBUG]2018/12/15 09:37:30 eth:
private:9a73c27467b5abc8e31b960017a17bedaf61d304ecbf6f6c7e574fba42e45e0c
address:0x095C0C1bA295e29ed73a6dA34ccEa732Ff9D12B4
[DEBUG]2018/12/15 09:37:30 ----------------------
[DEBUG]2018/12/15 09:37:30 ----------------------
[DEBUG]2018/12/15 09:37:30 btc:
private:5J4vzgShVVrjBgjuNUXiV6BMreE1mw6DB8iybeawZSYP1Twg5in
address:1LeYKEsrvpQc9bb3AzaaSn8Uz4d1z8mtQk
[DEBUG]2018/12/15 09:37:30 ----------------------
[DEBUG]2018/12/15 09:37:32 ----------------------
[DEBUG]2018/12/15 09:37:32 btc:
private:5HxwxsgfuwBPZ7fpjzgWBLzJXAvvufwx1PSJFB7XbBCfEPVYGxg
address:1ALpJBS9Gy4mXhNUiSANmAf5sNCbeqAtJB
[DEBUG]2018/12/15 09:37:32 ----------------------
[DEBUG]2018/12/15 09:37:32 ----------------------
[DEBUG]2018/12/15 09:37:32 eth:
private:b33cedc6e8edad93850d1a927217ecaf532058f9c922a26b874ef1131fa3d09a
address:0xf54642e38F1eE30e1E34F9dD80cf3D7566aa8e9B
[DEBUG]2018/12/15 09:37:32 ----------------------
[DEBUG]2018/12/15 09:37:32 ----------------------
[DEBUG]2018/12/15 09:37:32 eth:
private:53297a5e446f798fbe285d07510f564ba4476d5c588861a9e77242d6103c42e7
address:0xb3E13C4410f4ea7FF8BBcBD245559e964B9779dC
[DEBUG]2018/12/15 09:37:32 ----------------------
[DEBUG]2018/12/15 09:37:32 ----------------------
[DEBUG]2018/12/15 09:37:32 btc:
private:5JQ33hcuewPKFku3iLPhseNJU2Z58mNk76erz4oB5uwbHMSqycs
address:16bPs2LYH58FhGcPmXxgXUVZLPb5orqWCE
[DEBUG]2018/12/15 09:37:32 ----------------------
[DEBUG]2018/12/15 09:37:32 ----------------------
[DEBUG]2018/12/15 09:37:32 eth:
private:36ef5ea33800f9af46d528524a2391d9ee98383b6daa9b478758a19fc49f1c14
address:0x4bE6b5D74204f1f133d6e492eCE224AF77e9b83c
[DEBUG]2018/12/15 09:37:32 ----------------------
[DEBUG]2018/12/15 09:37:32 ----------------------
[DEBUG]2018/12/15 09:37:32 btc:
private:5JRsjAiYuEYJvY95zf8apqfSweed8kzZE48mEFN2HJ2Z73u4tj3
address:13R57ZKWcNW7c6SE2ywDupE4UUutZcNZfz
[DEBUG]2018/12/15 09:37:32 ----------------------
[DEBUG]2018/12/15 09:37:33 ----------------------
[DEBUG]2018/12/15 09:37:33 eth:
private:c3797968e501216309d1aa8e2ab96c1c6e17ace290273d21c53256cb9c0a3cf7
address:0xC27199deaA4cEb767C5Cf2b97f9b7Aa8DE58EBC9
[DEBUG]2018/12/15 09:37:33 ----------------------
[DEBUG]2018/12/15 09:37:33 ----------------------
[DEBUG]2018/12/15 09:37:33 btc:
private:5KYhDe9iVqAJoBKscosXq2mP4nQmai4UfgKvV6APNz7dVVBbcSp
address:18W9duJ34S6iAugbqf2r3YbWpRxXZKNwRi
[DEBUG]2018/12/15 09:37:33 ----------------------
[DEBUG]2018/12/15 09:37:33 ----------------------
[DEBUG]2018/12/15 09:37:33 eth:
private:4afe4b0469bc14e7cc299bb080bc3df347fe631abfd8401aa9efce402ade1195
address:0x2748D66924B5adb6ce4F0b19dd9227ba6B5f4cA5
[DEBUG]2018/12/15 09:37:33 ----------------------
[DEBUG]2018/12/15 09:37:33 ----------------------
[DEBUG]2018/12/15 09:37:33 eth:
private:a582bffbf3eb2bcebbfbe309a94eb4b4afc4514ffa6f0ce9979cdcd2db51cde6
address:0x43D92463C811548115FACB66DB4cc79F335f703d
[DEBUG]2018/12/15 09:37:33 ----------------------
[DEBUG]2018/12/15 09:37:33 ----------------------
[DEBUG]2018/12/15 09:37:33 btc:
private:5KgxdptT2GBeANJcLYM9uvUqmJf1MabQpN8mLW1RieFUAwHoc1w
address:13mnpUAxCHDVdJSx1b69ycZ2BMQoAt3GUD
[DEBUG]2018/12/15 09:37:33 ----------------------
[DEBUG]2018/12/15 09:37:33 ----------------------
[DEBUG]2018/12/15 09:37:33 eth:
private:536d491a6f1979a8b7f2fe9b6f669669bb6e8060bb6ee259d7c577c577532ed3
address:0x1701929015294129CDa484316dd224C31af97aD0
[DEBUG]2018/12/15 09:37:33 ----------------------
[DEBUG]2018/12/15 09:37:33 ----------------------
[DEBUG]2018/12/15 09:37:33 btc:
private:5KLM6Rs7r3yMW2cLXmJEih7gPA6oNnwfRRs2nE8bLJsQrTr7Qdf
address:1AmdhHYZ2JwWA2ZAPsRMwnKk5d9PHT6qAg
[DEBUG]2018/12/15 09:37:33 ----------------------
[DEBUG]2018/12/15 09:37:34 ----------------------
[DEBUG]2018/12/15 09:37:34 eth:
private:19c70809e51da63a623581bde56a92580d6f01bed9ca0ce7a52de09bb6d6329a
address:0x74dAAf8c4F97E41eBef6d7479803c6c4BAA053Ba
[DEBUG]2018/12/15 09:37:34 ----------------------
[DEBUG]2018/12/15 09:37:34 ----------------------
[DEBUG]2018/12/15 09:37:34 btc:
private:5KdP3k6hMmckeGFe9Sx9r9jRVFsgBZ4PyAF5ytNmT9wvPggctco
address:1DTdVpPpsXJQ4UB4X66d3jznhqWuBiXEME
[DEBUG]2018/12/15 09:37:34 ----------------------
[DEBUG]2018/12/15 09:37:34 ----------------------
[DEBUG]2018/12/15 09:37:34 eth:
private:c4f75c072de62d45bfea1dbdb5f9f3d92fc7676cdfdc109d47360d0c44cd4684
address:0xc8D68F198EF683481aaA3C5175bFb48d4Afb8aFD
[DEBUG]2018/12/15 09:37:34 ----------------------
[DEBUG]2018/12/15 09:37:34 ----------------------
[DEBUG]2018/12/15 09:37:34 eth:
private:c2193c9e4b652f148a17806ca830f2269c31aa80ec61f423de979ff9ea530f38
address:0xafAdF6cfDC0c75ECF558fB1E39bBaB0878bCC8A1
[DEBUG]2018/12/15 09:37:34 ----------------------
[DEBUG]2018/12/15 09:37:34 ----------------------
[DEBUG]2018/12/15 09:37:34 btc:
private:5KNdYTZRQccJZfY2yochbNopAJmi5eiq1RKrKwcdRmJrf2LiihH
address:1NqwQ5Ndff2Lcb9q1GiZMYxbVbQ7hyNHe3
[DEBUG]2018/12/15 09:37:34 ----------------------
[DEBUG]2018/12/15 09:37:34 ----------------------
[DEBUG]2018/12/15 09:37:34 eth:
private:80f70972c4904dc6565e3207e8256cc77f47e2c81007cdc7b6f06d6abb0bd8a3
address:0xbB65Ee772f2d8fAEAf37B72F255b173eC3b6f09A
[DEBUG]2018/12/15 09:37:34 ----------------------
[DEBUG]2018/12/15 09:37:35 ----------------------
[DEBUG]2018/12/15 09:37:35 eth:
private:565635ddde3217cb45c68f591bef4bf051c1e9f5cbfa62a669e42f1caa9b30f8
address:0x8dfA4359eBfA33CD1998F0741bc806e2D6150aD9
[DEBUG]2018/12/15 09:37:35 ----------------------
[DEBUG]2018/12/15 09:37:35 ----------------------
[DEBUG]2018/12/15 09:37:35 btc:
private:5J4qNCsgEh2fcwBqzv1vtuHitkcqn6XY2wJF233awpQaTf4pd8G
address:1KF29mj8n1SNBAvNjB5fzt4zaEDTc7sEfh
[DEBUG]2018/12/15 09:37:35 ----------------------
[DEBUG]2018/12/15 09:37:35 ----------------------
[DEBUG]2018/12/15 09:37:35 eth:
private:cf9d2f0b29e8f291550a10d7781623f6fa3fa758634798432e1943456a6811e7
address:0xd683C216D89A599BF9ec45A99339B87e59699f26
[DEBUG]2018/12/15 09:37:35 ----------------------
[DEBUG]2018/12/15 09:37:35 ----------------------
[DEBUG]2018/12/15 09:37:35 btc:
private:5KRnMnnu3NQHoo7xx6oM3KqHM9wg5hcDqq72XXC8smHRjPHzvGW
address:1FchVM6cyCQr8175Q5WTKef6Q1Xm5g5h9L
[DEBUG]2018/12/15 09:37:35 ----------------------
[DEBUG]2018/12/15 09:37:35 ----------------------
[DEBUG]2018/12/15 09:37:35 eth:
private:29fdb522eefb7b56a00463d249203da35d652e4049f5444795d23e4312a7f3f9
address:0xDeFe54eEc971B935F45A41040c042E13Ec9bC084
[DEBUG]2018/12/15 09:37:35 ----------------------
[DEBUG]2018/12/15 09:37:35 ----------------------
[DEBUG]2018/12/15 09:37:35 btc:
private:5KQdfcvrjiGKYy433muM3whj9HPHw8cqQs9fKyh1EtYDdHavxcP
address:16uqz1387TFmcaPC6MYiHp697uNfvMabcz
[DEBUG]2018/12/15 09:37:35 ----------------------
[DEBUG]2018/12/15 09:37:35 ----------------------
[DEBUG]2018/12/15 09:37:35 eth:
private:05e56f2b2ef6ff33dcc6d8a78bbcbdecd24b06e4dc92d36442d366ab1808acbf
address:0x723D19512dC4F7103F9E30D59C569D46AdcA3701
[DEBUG]2018/12/15 09:37:35 ----------------------
[DEBUG]2018/12/15 09:37:36 ----------------------
[DEBUG]2018/12/15 09:37:36 eth:
private:9cfb5fdfc78715c05bd336a2f7d112ef998e17fa4bff71ac9f6abc187f87dd30
address:0x337078C12292C8d543CE384E05a4bDE20954FA1F
[DEBUG]2018/12/15 09:37:36 ----------------------
[DEBUG]2018/12/15 09:37:36 ----------------------
[DEBUG]2018/12/15 09:37:36 btc:
private:5JZR87BFcvuQEDRsWZPP4kc1mMLTLmEhCJeN7ZqU2mj8entfXSf
address:1Ph1uTanRhhNwqQXQineXqNgQVz9oWMvfE
[DEBUG]2018/12/15 09:37:36 ----------------------
[DEBUG]2018/12/15 09:37:36 ----------------------
[DEBUG]2018/12/15 09:37:36 eth:
private:896ffc55ce693f167d089f548ef4704a04bb78ae15c356b48836f9908e1cdb2c
address:0x3A273F484db1f52D8502c6975eaab6d0c4147656
[DEBUG]2018/12/15 09:37:36 ----------------------
[DEBUG]2018/12/15 09:37:36 ----------------------
[DEBUG]2018/12/15 09:37:36 btc:
private:5KafJ6oYV2xBwMaRKejCSCKiMQ8kkA86FDkHqu9hrDUaVPGn1Ho
address:126SuRFpzjknpYMo7s63sP1PrpQrTzGfVA
[DEBUG]2018/12/15 09:37:36 ----------------------
[DEBUG]2018/12/15 09:37:36 ----------------------
[DEBUG]2018/12/15 09:37:36 eth:
private:aac35970ac5ae73b4a68369a2ab107143f4a552cf059ab64fa3ce3984dfe8fe1
address:0xD8EefA086369A8bf4F310F3baA3832618cFb1221
[DEBUG]2018/12/15 09:37:36 ----------------------
[DEBUG]2018/12/15 09:37:36 ----------------------
[DEBUG]2018/12/15 09:37:36 btc:
private:5JARBFKUiQ9RuXNfrnjPnBShBbs7ucquV1g89sH5pRD5RdDEqHy
address:1GthLscNMZye1LW5hcDwGwi6ocMFTDfdgd
[DEBUG]2018/12/15 09:37:36 ----------------------
[DEBUG]2018/12/15 09:37:36 ----------------------
[DEBUG]2018/12/15 09:37:36 eth:
private:b4fe677f0765f74516872d854d4d0e8ae820242b6a5c4b4c828a87f9cccb7f6f
address:0xFA37e8Bb72BCECD8AebF0f6963cA0938D6eA69a7
[DEBUG]2018/12/15 09:37:36 ----------------------
[DEBUG]2018/12/15 09:37:37 ----------------------
[DEBUG]2018/12/15 09:37:37 btc:
private:5JpUdmP8ZEyT9TMut9uZLKVGzV1wquHTeArdNvNVqdJvB3Rb9cs
address:1D7kwFMVf5a5SZ42i5zwiPJG2sTosQAyYs
[DEBUG]2018/12/15 09:37:37 ----------------------
[DEBUG]2018/12/15 09:37:37 ----------------------
[DEBUG]2018/12/15 09:37:37 eth:
private:5568a3fc2df0133164a49e47dc1bf231979b3a4c9fb9b96a98f45ec707ee10c2
address:0x09b90977c666AEAA3D242949BF461CebD5160Cd4
[DEBUG]2018/12/15 09:37:37 ----------------------
[DEBUG]2018/12/15 09:37:37 ----------------------
[DEBUG]2018/12/15 09:37:37 eth:
private:614c1e6c0986de4ce32693cced3ba491c13c361a0d5e45f767327668c4a3aa7f
address:0x7479eEd15eB9d181e1D4A3b56a35230FFcBfbCdD
[DEBUG]2018/12/15 09:37:37 ----------------------
[DEBUG]2018/12/15 09:37:37 ----------------------
[DEBUG]2018/12/15 09:37:37 btc:
private:5JAmtwYYBZRw8NJMtzH5PXaTr2Y48kvdaAYnJJVYrza7eN39DjT
address:1EAemvbmjRXVGo7Bdw11NLtci4wfu4gLry
[DEBUG]2018/12/15 09:37:37 ----------------------
[DEBUG]2018/12/15 09:37:37 ----------------------
[DEBUG]2018/12/15 09:37:37 eth:
private:8ee98f20db8d2e9ed3580d184a36d67f8eadbc2b7c5879557c9a319ccea456d4
address:0x10c420f60640B1F2C63dc6faA8eA77292801F574
[DEBUG]2018/12/15 09:37:37 ----------------------
[DEBUG]2018/12/15 09:37:37 ----------------------
[DEBUG]2018/12/15 09:37:37 btc:
private:5KF5iAEcKtRJZMoVeE8wL1Wxtx3Ud4aYju3rmFr4vpVdqadn6tx
address:13Coispb7BM5FcfRQyhVGMKxkBzjRX4n2P
[DEBUG]2018/12/15 09:37:37 ----------------------
[DEBUG]2018/12/15 09:37:37 ----------------------
[DEBUG]2018/12/15 09:37:37 eth:
private:7dc017fcc9cd5af23a6e3c2bb0009dbc20f01f698b8d5bbe7e4e35552566fafb
address:0x7606814E06F40AC5A118b216A7776468343EfA2D
[DEBUG]2018/12/15 09:37:37 ----------------------
[DEBUG]2018/12/15 09:37:38 ----------------------
[DEBUG]2018/12/15 09:37:38 btc:
private:5JQWdhFJLuDxgzS6MCqSiEmf4oZZYRuguyLUro8spY7x55JnqKg
address:1K5rYRQoPsPikfqab1hT5niKxeeZ46jCX
[DEBUG]2018/12/15 09:37:38 ----------------------
[DEBUG]2018/12/15 09:37:38 ----------------------
[DEBUG]2018/12/15 09:37:38 eth:
private:65f7231903465c99192e25fe53e9a674e52fad7028db29cbef233636633391b4
address:0xa3f52eb03eef4A105AC08Fa1281F92a302438A60
[DEBUG]2018/12/15 09:37:38 ----------------------
[DEBUG]2018/12/15 09:37:38 ----------------------
[DEBUG]2018/12/15 09:37:38 btc:
private:5KiPpi57ACrhQ8t8YHBdJcn3xG3ZWXjPwtH3DgnK2pytYqxzqaH
address:1K3nVLsuDCuQ8DarVLmhwP1AHZrDhSArkt
[DEBUG]2018/12/15 09:37:38 ----------------------
[DEBUG]2018/12/15 09:37:38 ----------------------
[DEBUG]2018/12/15 09:37:38 eth:
private:af8bc147ad03c14387155708273fdf02ee5705ba16a031ae000028380e5598ac
address:0x22cdb93BaC1e196be8F5F147152ba41d08AA8BF2
[DEBUG]2018/12/15 09:37:38 ----------------------
[DEBUG]2018/12/15 09:37:38 ----------------------
[DEBUG]2018/12/15 09:37:38 eth:
private:74cd567793e7bc3b8c31183622a0276de218dccae5d6c42b56c944d95a1a9441
address:0x6670be57E55798488E3844b133Fe169ed6308050
[DEBUG]2018/12/15 09:37:38 ----------------------
[DEBUG]2018/12/15 09:37:38 ----------------------
[DEBUG]2018/12/15 09:37:38 btc:
private:5KWRWVxeXs8u4CLdwhStgNXt5wvN31eBXUp6bqeqqZWcriyhLxp
address:17GbjhgEKknxtX9qb777j4QjqgRKjwWnfb
[DEBUG]2018/12/15 09:37:38 ----------------------
[DEBUG]2018/12/15 09:37:38 ----------------------
[DEBUG]2018/12/15 09:37:38 eth:
private:0e279ded1be8fc6b25f69653aacbb677f9332cf53db9d7315ea354d2e793bae1
address:0xf6972DFd3042018496fA34b81E0C32FcC6Cf33AF
[DEBUG]2018/12/15 09:37:38 ----------------------
[DEBUG]2018/12/15 09:37:39 ----------------------
[DEBUG]2018/12/15 09:37:39 btc:
private:5HtVVad6qvh1UURnpx2E4MNhSBGYfg5kZ9nRUhwzpjb6xKmQSma
address:1E8t7J9yBPxks7aQgPjLy4RthvMwnA6j4y
[DEBUG]2018/12/15 09:37:39 ----------------------
[DEBUG]2018/12/15 09:37:39 ----------------------
[DEBUG]2018/12/15 09:37:39 eth:
private:cc883efcf3e982d33197215641e84457b7b2e257e5361edf435c61051e22f1f6
address:0x3C9233fE930C5ACB735A1B4a0E5A558826F41F70
[DEBUG]2018/12/15 09:37:39 ----------------------
[DEBUG]2018/12/15 09:37:39 ----------------------
[DEBUG]2018/12/15 09:37:39 btc:
private:5Jj7BmDFdWL1AkrdcahB46ZzhH7G3y62JBNjEDE2rHS5dZxnEWU
address:1RWu8PhYNZcQvJMJDdLTvzMBGzfTkPLvL
[DEBUG]2018/12/15 09:37:39 ----------------------
[DEBUG]2018/12/15 09:37:39 ----------------------
[DEBUG]2018/12/15 09:37:39 eth:
private:659c2a3e6174f1ae991b42a0595f945cc124f626300a2adecaef940c53e7a147
address:0x99f9F317b3700701A17bD85E6f3c00c7911A68cF
[DEBUG]2018/12/15 09:37:39 ----------------------
[DEBUG]2018/12/15 09:37:39 ----------------------
[DEBUG]2018/12/15 09:37:39 btc:
private:5JCYfuX6KuCtR7tSEBERNZy6zormhwpgwgeFxJmGGAoKP8orpqb
address:1SfGPrEWFbMeir1rqUuDcJtkZJPQ14unc
[DEBUG]2018/12/15 09:37:39 ----------------------
[DEBUG]2018/12/15 09:37:39 ----------------------
[DEBUG]2018/12/15 09:37:39 eth:
private:6243e7b235a5e1bddc15e088a89453ec8cfbc8de87c8a6eead9742147dda7775
address:0xC28804d288b74B2c2F91383e23d7C0F71D0b3f70
[DEBUG]2018/12/15 09:37:39 ----------------------
[DEBUG]2018/12/15 09:37:39 ----------------------
[DEBUG]2018/12/15 09:37:39 eth:
private:5fa3a4baba90eeeef787622cf6b67f290334a4c0b698894b2830de751904d68c
address:0x5c46e39A8c79432D336eEb78127551EB4D63F193
[DEBUG]2018/12/15 09:37:39 ----------------------
[DEBUG]2018/12/15 09:37:39 ----------------------
[DEBUG]2018/12/15 09:37:39 btc:
private:5Jj5qETeGVqf8UTrocoqrMvxHeHR5fJfob2bMFBimPp6FsrH36p
address:17R26SuWe5teLbjPQs1JqHRKAR5ye1gkBS
[DEBUG]2018/12/15 09:37:39 ----------------------
[DEBUG]2018/12/15 09:37:40 ----------------------
[DEBUG]2018/12/15 09:37:40 eth:
private:9b813991aea5bfdd50831a7a828af6426aa5a3a0dfbd917910e3714c01003d44
address:0xc037c3D89727BCc7f1e91861758F132Ecd010d86
[DEBUG]2018/12/15 09:37:40 ----------------------
[DEBUG]2018/12/15 09:37:40 ----------------------
[DEBUG]2018/12/15 09:37:40 btc:
private:5J378BhXrLEmFDfPVCzzYVWuGvz2cuwgjkXARedZdghU8xhqPhg
address:1MzyKQhQdkdV1jkUpm4u63BBnfrZaq5rQr
[DEBUG]2018/12/15 09:37:40 ----------------------
[DEBUG]2018/12/15 09:37:40 ----------------------
[DEBUG]2018/12/15 09:37:40 eth:
private:f1c1d3cdc8bc5c87ebf9a5fcb098ad617211ed868ece6cc493373bc31449c35b
address:0x17179132049E0492E69A6c0D1E327C4c7c830064
[DEBUG]2018/12/15 09:37:40 ----------------------
[DEBUG]2018/12/15 09:37:40 ----------------------
[DEBUG]2018/12/15 09:37:40 btc:
private:5JF8F5rXt3SVVbRsFpsw14WZJ3248X1vdEfPjnvo558n7zKmMt2
address:1DVF7zt3AyowLSc6XbQ3VAHReoQLhxaKP
[DEBUG]2018/12/15 09:37:40 ----------------------
[DEBUG]2018/12/15 09:37:40 ----------------------
[DEBUG]2018/12/15 09:37:40 eth:
private:ba64fe9f7fa1e3faf60325a0af5e215bc61d284beecf8951211486f58c9c2b58
address:0x43dD92E57d1008257cCf8B0535EdF2B0fc171bba
[DEBUG]2018/12/15 09:37:40 ----------------------
[DEBUG]2018/12/15 09:37:40 ----------------------
[DEBUG]2018/12/15 09:37:40 btc:
private:5JqjL536qkpqYMVNKoNfzgcrgPXLXqUVDpcuSRxNFPnepDmy5Cv
address:1GZPUrUboxKM3UzU3zaYdAhENYMFNjCEZ4
[DEBUG]2018/12/15 09:37:40 ----------------------
[DEBUG]2018/12/15 09:37:40 ----------------------
[DEBUG]2018/12/15 09:37:40 eth:
private:380029ca2b47bc82f12326288262f412c4d7a7526e1d38b420255fcabc035664
address:0xAE2a6F9aB012c376AB880C2e02ED1eC850ba7AD8
[DEBUG]2018/12/15 09:37:40 ----------------------
[DEBUG]2018/12/15 09:37:41 ----------------------
[DEBUG]2018/12/15 09:37:41 eth:
private:84bd1417f9560eaa9cd7bfe1f1f546dbf9cbfb937d498e32bdf541ab56e72313
address:0xCB9aD9A9Ef1c515a09eFc0dBC44b749BEd9cdEe0
[DEBUG]2018/12/15 09:37:41 ----------------------
[DEBUG]2018/12/15 09:37:41 ----------------------
[DEBUG]2018/12/15 09:37:41 btc:
private:5JAKf34yk7mrPHAPHnsuwUtoav5u8nF8rGsMeMCKrk5XMVRTt3e
address:17nRmLUoC2R6RSSMg7KS8jpngwsmwpBGPN
[DEBUG]2018/12/15 09:37:41 ----------------------
[DEBUG]2018/12/15 09:37:41 ----------------------
[DEBUG]2018/12/15 09:37:41 eth:
private:a16f0ef285f062bbcfc841763830f7207f5d1dd495a942aa1f99e429e32fec88
address:0xe51f97aC1532f5c93D2483f17c4F0A1f1c916c34
[DEBUG]2018/12/15 09:37:41 ----------------------
[DEBUG]2018/12/15 09:37:41 ----------------------
[DEBUG]2018/12/15 09:37:41 btc:
private:5JZCCWLVV4PV9DqGge4YN3n6uZJ6v1fCCXdV9axYiyECTQugiQ4
address:16Bq5XYZg9SqHi3f2hh6rxmyKFEwtaXC1G
[DEBUG]2018/12/15 09:37:41 ----------------------
[DEBUG]2018/12/15 09:37:41 ----------------------
[DEBUG]2018/12/15 09:37:41 eth:
private:de494119451055c0e9e1e795fcf0a241433082808bbd024938af8c1b30a5643c
address:0xc75957523B834748cbe967F5B6C9327317b5a892
[DEBUG]2018/12/15 09:37:41 ----------------------
[DEBUG]2018/12/15 09:37:41 ----------------------
[DEBUG]2018/12/15 09:37:41 btc:
private:5JP75CaGovCuDU5ikdoyyHuXgQEDtz7kGPSKo7RKVs6M9MwWpw3
address:1PRShdMSxgkXV9FsdSEVd6eBVfNWNHGfyD
[DEBUG]2018/12/15 09:37:41 ----------------------
[DEBUG]2018/12/15 09:37:42 ----------------------
[DEBUG]2018/12/15 09:37:42 eth:
private:fbbfce87195af15f3d2871127964d237160932dbb67d4095edfc46ecead21805
address:0x6819aeC8796906815656aeAa4a0243E2EE042e12
[DEBUG]2018/12/15 09:37:42 ----------------------
[DEBUG]2018/12/15 09:37:42 ----------------------
[DEBUG]2018/12/15 09:37:42 btc:
private:5JnZJS32cmsg8KWQcZfdKK3GV8wpbBPZNEkw3GM34TUrzVVyZPw
address:1PtK1yie9QUAKFe7dycvjPn8SgwkP7szYr
[DEBUG]2018/12/15 09:37:42 ----------------------
[DEBUG]2018/12/15 09:37:42 ----------------------
[DEBUG]2018/12/15 09:37:42 eth:
private:674da4393e6b8cd89ba867c384cdbcd253e1f197c4d9b7b6dbe114326e8fe165
address:0x634f2782C766A1D896c08Eb49fea6eB66E04F96e
[DEBUG]2018/12/15 09:37:42 ----------------------
[DEBUG]2018/12/15 09:37:42 ----------------------
[DEBUG]2018/12/15 09:37:42 eth:
private:b08cd2b0230bd361425317d3aae9d18b63b9efdb0c5b39dc506bee86977af8b3
address:0x82A5A1c3D71138873273776AeF87F1985DA9ED55
[DEBUG]2018/12/15 09:37:42 ----------------------
[DEBUG]2018/12/15 09:37:42 ----------------------
[DEBUG]2018/12/15 09:37:42 btc:
private:5J3Kka4thkU7x7Da71kzUaZRVGAt7E9jELrnaeTWQyZAFqR1Jok
address:1KahJWCbvto2d5U6uUV5iue7LN2L7d4nos
[DEBUG]2018/12/15 09:37:42 ----------------------
[DEBUG]2018/12/15 09:37:42 ----------------------
[DEBUG]2018/12/15 09:37:42 eth:
private:fced06deed524e6c9ab0bd3f48ad4be4f11a4c166990022bcff6b28525368458
address:0xa2074ed4518507c57205f86e1502Edd32d3bb28c
[DEBUG]2018/12/15 09:37:42 ----------------------
[DEBUG]2018/12/15 09:37:43 ----------------------
[DEBUG]2018/12/15 09:37:43 btc:
private:5Jy8wCHkC2GSB3FuC2Ya4Zx5oemvgiPJxPNjpSFHYj6Nk87i6Hr
address:1JNs9jkPebiS4EhDb5WiUPu7yenCuwaxQf
[DEBUG]2018/12/15 09:37:43 ----------------------
[DEBUG]2018/12/15 09:37:43 ----------------------
[DEBUG]2018/12/15 09:37:43 eth:
private:2fdf20cccfadac1c29a9458e8201c9bf7600723375e164c8bb4571b49b033b2c
address:0x43e9A8148D47F35885a6ce5bb9b102e490ed5B7a
[DEBUG]2018/12/15 09:37:43 ----------------------
[DEBUG]2018/12/15 09:37:43 ----------------------
[DEBUG]2018/12/15 09:37:43 btc:
private:5J3nLGLHABhav3iTYuYwdNLJYwar2Mkq1dSzUZx9qow3QGFc134
address:1KQYfvttwYaT9jEFiEiWoj8361H8EseGyK
[DEBUG]2018/12/15 09:37:43 ----------------------
[DEBUG]2018/12/15 09:37:43 ----------------------
[DEBUG]2018/12/15 09:37:43 eth:
private:9da445bdf2647cc8790cac5c81f1211d83217f1d3cc2aa0c5f2ecc214ca37335
address:0x5D4DCF00D888d18387Ef6E0Dd474C18ac6E986e8
[DEBUG]2018/12/15 09:37:43 ----------------------
[DEBUG]2018/12/15 09:37:43 ----------------------
[DEBUG]2018/12/15 09:37:43 eth:
private:1774a14684ba752723102c00637deb4a57587f3b0b367a317b15ea0fca160436
address:0x21d2C61B21860843F06cd52E3923aB0EE4f04468
[DEBUG]2018/12/15 09:37:43 ----------------------
[DEBUG]2018/12/15 09:37:43 ----------------------
[DEBUG]2018/12/15 09:37:43 btc:
private:5HvJyneYouggG9bM8jyQ2BjdKTQG1CP5PLg1VCA3t3t2s1iNhje
address:1D9ucpm8x93HezMBEBWGTFAkjKVEGdhBWi
[DEBUG]2018/12/15 09:37:43 ----------------------
[DEBUG]2018/12/15 09:37:43 ----------------------
[DEBUG]2018/12/15 09:37:43 eth:
private:353fc90ade7d6984998b0ae3e7c45eafa8b93ba351fd44fe8d9cf1591d809f27
address:0x0E4c5340f50C9F89756c75Fd8b37F93F2c8C244C
[DEBUG]2018/12/15 09:37:43 ----------------------
[DEBUG]2018/12/15 09:37:44 ----------------------
[DEBUG]2018/12/15 09:37:44 btc:
private:5KAVEBqKRstexRktWkTVMcdAfSnxQWQ7wZ2E5dGaAjgrg1TsAFz
address:1QA7JR5PTUfSxaMbHawcghj77EutDFpdRF
[DEBUG]2018/12/15 09:37:44 ----------------------
[DEBUG]2018/12/15 09:37:44 ----------------------
[DEBUG]2018/12/15 09:37:44 btc:
private:5KRzK9c7x8SqDaKugx9gUTYki9TSNc6gbjva1ny4EKTMSJVS7Cg
address:1EiTYeWn6XzDEygDfF8uhLR6gAeMVrYF3a
[DEBUG]2018/12/15 09:37:44 ----------------------
[DEBUG]2018/12/15 09:37:44 ----------------------
[DEBUG]2018/12/15 09:37:44 btc:
private:5Kbo1mjVju9nndgEnR5YmseLJZNq8YtA6XutXJDXK88cdUo28z1
address:1KH7CBLK53UkHBQjJzdrQ6PkeAGFLuJQgf
[DEBUG]2018/12/15 09:37:44 ----------------------
[DEBUG]2018/12/15 09:37:44 ----------------------
[DEBUG]2018/12/15 09:37:44 btc:
private:5Hpf5XotLb8ZwnZsLRpnyXA2mnsGgPq5Efm5KR8p7iTYeJe5rig
address:13qkBizykLvdXC62TpxoT2FGpN3HCXpzJg
[DEBUG]2018/12/15 09:37:44 ----------------------
[DEBUG]2018/12/15 09:37:45 ----------------------
[DEBUG]2018/12/15 09:37:45 eth:
private:ac37b081ecea8b39f957bdd12a4beb8bf35925e2bf5e66b895ea821af52705a2
address:0x358b3c77897C349FC7703a7FFdD124Ff63BaF2Df
[DEBUG]2018/12/15 09:37:45 ----------------------
[DEBUG]2018/12/15 09:37:45 ----------------------
[DEBUG]2018/12/15 09:37:45 btc:
private:5JZ2zqJYTvaZsoHLmcBTS1cimeeyD5zrwRWjAn9a5yz4RQpN6uC
address:1Do1Fke3ca1wAyq8RHhG1v4fCsUxy4SoFt
[DEBUG]2018/12/15 09:37:45 ----------------------
[DEBUG]2018/12/15 09:37:45 ----------------------
[DEBUG]2018/12/15 09:37:45 eth:
private:cc7621465ca6190c219139c23093c7cae0cb8424c7a2dbf4e62aa9dfbc8f5412
address:0xeE93D2f916B7abDB9f15Cd13124Df40cd4c490b0
[DEBUG]2018/12/15 09:37:45 ----------------------
[DEBUG]2018/12/15 09:37:45 ----------------------
[DEBUG]2018/12/15 09:37:45 btc:
private:5JUDzgVoeA7Np9LgL1sWBScxMBCYCgWSkizZMFfL7BMmeYKiN9m
address:13xHEpFuYLLXzRbWQicxFBsURF6Ro8n48m
[DEBUG]2018/12/15 09:37:45 ----------------------
[DEBUG]2018/12/15 09:37:45 ----------------------
[DEBUG]2018/12/15 09:37:45 eth:
private:64155f82760c1c168f476776caee62dbeffaa1033ae4093b39f772e00cb2dd37
address:0x7a8875B27129266C8B82eF30131077f6F3042B6c
[DEBUG]2018/12/15 09:37:45 ----------------------
[DEBUG]2018/12/15 09:37:45 ----------------------
[DEBUG]2018/12/15 09:37:45 eth:
private:2aedba85377c11a58676cde94c2cf5b06e1b5f0b30bc644dbc9f85f47a2225d7
address:0x999F60B253d8C169f5e380a5BC9b0EAB2C1e8BCF
[DEBUG]2018/12/15 09:37:45 ----------------------
[DEBUG]2018/12/15 09:37:45 ----------------------
[DEBUG]2018/12/15 09:37:45 btc:
private:5JjzvLq5wG9R6JpLCxVquVZ6gwWe5LAjH6es8YTWhrKqNmRcKyJ
address:1GrEfbYamYDc73A8fjfCnhJEMuUAjNuyHM
[DEBUG]2018/12/15 09:37:45 ----------------------
[DEBUG]2018/12/15 09:37:46 ----------------------
[DEBUG]2018/12/15 09:37:46 eth:
private:1d257c06930ea5316a75a2c6b0b45a27374f9663b5d09e3f9fce0581c53fa3c5
address:0xe11Fa225820FB485CD8f97f4f7893fd92e817c58
[DEBUG]2018/12/15 09:37:46 ----------------------
[DEBUG]2018/12/15 09:37:46 ----------------------
[DEBUG]2018/12/15 09:37:46 btc:
private:5K5EFMwXykRoHDitDZSnkGioDg1L1s3bZkNm8YKvEhoDWp5PJm1
address:1KmQsVBtKWKeYM8JbVWGRXBiR1QjFgTj8C
[DEBUG]2018/12/15 09:37:46 ----------------------
[DEBUG]2018/12/15 09:37:46 ----------------------
[DEBUG]2018/12/15 09:37:46 eth:
private:1f59a2b55ea520cdea76c18c6d925fec91b83eadcb09971ca2f1da9986e32fe8
address:0x551a2A7d158525A39c0dBfAA18BE3b0d3226457d
[DEBUG]2018/12/15 09:37:46 ----------------------
[DEBUG]2018/12/15 09:37:46 ----------------------
[DEBUG]2018/12/15 09:37:46 btc:
private:5Jg4e9o17UaudXrknBeT9kJAxJQP66axk5H2uFvucoZViSpxNv1
address:17LF9gmM7XV7ikcdCKzQMRm8qXfxft1uY5
[DEBUG]2018/12/15 09:37:46 ----------------------
[DEBUG]2018/12/15 09:37:46 ----------------------
[DEBUG]2018/12/15 09:37:46 eth:
private:25fdfebedba6148ef0a3dfef5dd1c988e5401df238c91093c09663395d45c88d
address:0x6afB8Faef4D633ec6adD52914aDd00c34CCe714c
[DEBUG]2018/12/15 09:37:46 ----------------------
[DEBUG]2018/12/15 09:37:46 ----------------------
[DEBUG]2018/12/15 09:37:46 eth:
private:c5fa6ce4a890bf55dcd3612b4ca516dd4c592c5448a907f04d3cbf1261614787
address:0x7F96e3763998b6117064F7F1fDCea60AB2A359A0
[DEBUG]2018/12/15 09:37:46 ----------------------
[DEBUG]2018/12/15 09:37:46 ----------------------
[DEBUG]2018/12/15 09:37:46 btc:
private:5J9HDFVBvSHvWNjVVNxgNP35dJJNT2scxAuySwnfrzyAGSLYJNB
address:1NobE6JvwnHaURq24C9EwZLQWJhaWRn4k6
[DEBUG]2018/12/15 09:37:46 ----------------------
[DEBUG]2018/12/15 09:37:47 ----------------------
[DEBUG]2018/12/15 09:37:47 eth:
private:e7cec1bd1c521d11e6f3dc2cf8aee0c868c5bf71230346b68e4a19aa514a13f0
address:0xe237229aA6b4EDc2933ab48c5148C7A74b4e7858
[DEBUG]2018/12/15 09:37:47 ----------------------
[DEBUG]2018/12/15 09:37:47 ----------------------
[DEBUG]2018/12/15 09:37:47 btc:
private:5KToYkK5ix4B7ecufnxxG7qsdDGPrF1ruxRQWCkkmoZ9GsF1oVF
address:15sRn7go4UF9DBQa24XwVuaw8hUa8GXC2U
[DEBUG]2018/12/15 09:37:47 ----------------------
[DEBUG]2018/12/15 09:37:47 ----------------------
[DEBUG]2018/12/15 09:37:47 eth:
private:1de93ec1b8bc3fc6895c526cccffac6f09e67a5f10749311c92695fabb60f05c
address:0xF3A6712E5fa4A9abB52448170a4Cbe553500EFDF
[DEBUG]2018/12/15 09:37:47 ----------------------
[DEBUG]2018/12/15 09:37:47 ----------------------
[DEBUG]2018/12/15 09:37:47 btc:
private:5JMb6gXwq2VSGLH3gUbiergxngrLBg7R9X6EgtB8pQ2QGsncTH9
address:19wWCCqAE65Ftm41Z3BJjMHA7f6Zud5zXY
[DEBUG]2018/12/15 09:37:47 ----------------------
[DEBUG]2018/12/15 09:37:47 ----------------------
[DEBUG]2018/12/15 09:37:47 eth:
private:2a0182614e47e304fc0b185b626c3def305b194da939ce83b9bcaa466390219e
address:0xa1f069200CD17Cf372780392eA90e13FDFDAEbf5
[DEBUG]2018/12/15 09:37:47 ----------------------
[DEBUG]2018/12/15 09:37:47 ----------------------
[DEBUG]2018/12/15 09:37:47 btc:
private:5KbKQnRp8GZrNbBHhve7fJXmfrDHoioBeJvxkvp7Aikdqeoj3dP
address:1HCefh5bghNzANdMCYuiXi6KrzYBpFVbPC
[DEBUG]2018/12/15 09:37:47 ----------------------
[DEBUG]2018/12/15 09:37:47 ----------------------
[DEBUG]2018/12/15 09:37:47 eth:
private:74a58aba4268f372fd271e5902c737547295cf5e9da8b40db316ed9df033c4f2
address:0xD503b63b0f9A1b3F1B9cbbf50e794B645627280d
[DEBUG]2018/12/15 09:37:47 ----------------------
[DEBUG]2018/12/15 09:37:48 ----------------------
[DEBUG]2018/12/15 09:37:48 eth:
private:867130dcdf15ca072b5c0d2c02d8a9b5b38f69f3457d522019a8ccab11381404
address:0x785D48E1b3656889d6b43b91a852BD6Eb3408a5A
[DEBUG]2018/12/15 09:37:48 ----------------------
[DEBUG]2018/12/15 09:37:48 ----------------------
[DEBUG]2018/12/15 09:37:48 btc:
private:5Jdp5X59fSNXPT1PupiMZEimpjXMwsg14SHwcNcWqCC8SA7xq8S
address:1HcDjuYgK1mQsJ8N5ETi2dXbUU2dxFae1D
[DEBUG]2018/12/15 09:37:48 ----------------------
[DEBUG]2018/12/15 09:37:48 ----------------------
[DEBUG]2018/12/15 09:37:48 eth:
private:0c4f1025e2d5a2e8ba3e21c401915edd624a7e16d73f549d7794be5d041ceae7
address:0x9fF442eB13C4ce118C5D507f1e38d3246Ea4a5b4
[DEBUG]2018/12/15 09:37:48 ----------------------
[DEBUG]2018/12/15 09:37:48 ----------------------
[DEBUG]2018/12/15 09:37:48 btc:
private:5JZyzdhyCyNvN8DkkbQ9BiqLkijjNdowepe1EqiNTfdsTj5Ug8n
address:1C3NmcWCdCJFJ7ADaAWNEW6nyMzTZ1bXR3
[DEBUG]2018/12/15 09:37:48 ----------------------
[DEBUG]2018/12/15 09:37:48 ----------------------
[DEBUG]2018/12/15 09:37:48 eth:
private:b6ad9f450b2e92e4878827268f1716a97f89ddfe929ab95640feb5c8b48aa6de
address:0x0817dcCe3a60D733a012829327816205C6116E2D
[DEBUG]2018/12/15 09:37:48 ----------------------
[DEBUG]2018/12/15 09:37:48 ----------------------
[DEBUG]2018/12/15 09:37:48 btc:
private:5J8JTVjN8xHcE5z48qtj1VczN4irpjRbjWexnwm4P6iGWagvQ7u
address:16BBw3ni8PowChe2TjvxMVgnmNCXKcrbqp
[DEBUG]2018/12/15 09:37:48 ----------------------
[DEBUG]2018/12/15 09:37:48 ----------------------
[DEBUG]2018/12/15 09:37:48 eth:
private:c4ceead1f9097112ed9be63f271690fb23e3c8ebd0a14e384be7f52bb552f4ce
address:0xD0ae1cfdcC573c83d2731907e1Ce3088D220cf27
[DEBUG]2018/12/15 09:37:48 ----------------------
[DEBUG]2018/12/15 09:37:49 ----------------------
[DEBUG]2018/12/15 09:37:49 eth:
private:63a3a5592c898a32321f034a2a5040377c0934ae7a8884760da9eeef313ab65c
address:0xFbfDA2B5EC581c8B21A2e063cf3c254301C84C64
[DEBUG]2018/12/15 09:37:49 ----------------------
[DEBUG]2018/12/15 09:37:49 ----------------------
[DEBUG]2018/12/15 09:37:49 btc:
private:5KAZbM2SV4R8NXxab7s3KCZnFqwDsJ4caUCjtmUWaYLetnrHLC8
address:1JKvrnj1q4jZf5TVPrj1XC22wFs9zjzTSH
[DEBUG]2018/12/15 09:37:49 ----------------------
[DEBUG]2018/12/15 09:37:49 ----------------------
[DEBUG]2018/12/15 09:37:49 eth:
private:e0b5883cd10d14d56ff3a998e8c2790483dcf6af14e7f797163762b3ea3787fa
address:0x72b9772691c985310Ff614460079140C4aaEEF3B
[DEBUG]2018/12/15 09:37:49 ----------------------
[DEBUG]2018/12/15 09:37:49 ----------------------
[DEBUG]2018/12/15 09:37:49 eth:
private:674a68c1b949c061886b1c31aca001130fe3bac4a8cc88abe669ce0c97b45770
address:0x889f7723115413fD3378aE297c2747d7e53F7287
[DEBUG]2018/12/15 09:37:49 ----------------------
[DEBUG]2018/12/15 09:37:49 ----------------------
[DEBUG]2018/12/15 09:37:49 eth:
private:a603649c933401d7d22c4a5d01b648dffebde350d1648b1a2d0f9f1da8387b30
address:0x16B617B3fbE0Ef15C47100D05d7648E393bca041
[DEBUG]2018/12/15 09:37:49 ----------------------
[DEBUG]2018/12/15 09:37:49 ----------------------
[DEBUG]2018/12/15 09:37:49 btc:
private:5JjwcaosEc9bCCJELAHVmdSS77H9MCrKaEyfiF2zMJFb81pRvvZ
address:19TkrD5fWr1hbQSVKefqNH6XWaKe8SaSKR
[DEBUG]2018/12/15 09:37:49 ----------------------
[DEBUG]2018/12/15 09:37:50 ----------------------
[DEBUG]2018/12/15 09:37:50 eth:
private:ae74e0e0af53efd895ca9f059f307647c3c694b6a2ff92dc04fe5bc3236ff40b
address:0x405136C9E11DBf94d87215FcBBf4Ff1e1327BE6F
[DEBUG]2018/12/15 09:37:50 ----------------------
[DEBUG]2018/12/15 09:37:50 ----------------------
[DEBUG]2018/12/15 09:37:50 btc:
private:5Kawmqu8uZ9KWudnvQGMVZyATsCCgqi1tkqwUasobQVhCZcGApx
address:1Dtufwuu4zNqSkdDqFMzriw7GZFTqWsPBV
[DEBUG]2018/12/15 09:37:50 ----------------------
[DEBUG]2018/12/15 09:37:50 ----------------------
[DEBUG]2018/12/15 09:37:50 eth:
private:a610ca26de47fb7954f654387b585443e53e315796f5a2cc261859c728130090
address:0x5c76eC118E70953C4D0655F90aDc8adB79B59921
[DEBUG]2018/12/15 09:37:50 ----------------------
[DEBUG]2018/12/15 09:37:50 ----------------------
[DEBUG]2018/12/15 09:37:50 btc:
private:5KQh7YMcGQ8EjcB9oZnyKyaSKLDAky4H6XLbh7A23axeCir4ANX
address:1EWEons3RpkNtyAviQGyxvsg9nqGC2BHGQ
[DEBUG]2018/12/15 09:37:50 ----------------------
[DEBUG]2018/12/15 09:37:50 ----------------------
[DEBUG]2018/12/15 09:37:50 eth:
private:4ab202d890c1c6066bdc8ae11ce6ac1e03ee833c98caff5a0c056d5230acb2d4
address:0x68C3100f2E5C5c077fB7A26F7306b3953FD9B4AE
[DEBUG]2018/12/15 09:37:50 ----------------------
[DEBUG]2018/12/15 09:37:50 ----------------------
[DEBUG]2018/12/15 09:37:50 eth:
private:72692a2ba7cfcdb49d2c175e89a09ebd5a0d9f80fb5a1e97f21cdb402ce6ea64
address:0x38A3B27950E3B378e1068eDF31DCCaC90DA163bA
[DEBUG]2018/12/15 09:37:50 ----------------------
[DEBUG]2018/12/15 09:37:50 ----------------------
[DEBUG]2018/12/15 09:37:50 btc:
private:5KEJcVu8kJ2BaxStwEy49eMkey3EN3deKrW121dEbAGqyFAWgwf
address:1AnyqqhDUgDTsBLnVKWnJZ5fHkueuBrBf2
[DEBUG]2018/12/15 09:37:50 ----------------------
[DEBUG]2018/12/15 09:37:51 ----------------------
[DEBUG]2018/12/15 09:37:51 eth:
private:e6bb34cf4447fa77424c8bccce6d2d97acbe3ebcab58c4e5f83ceaa70840137c
address:0xd8DB0f0C7119f83689D5bf2Ea6831f2379712405
[DEBUG]2018/12/15 09:37:51 ----------------------
[DEBUG]2018/12/15 09:37:51 ----------------------
[DEBUG]2018/12/15 09:37:51 btc:
private:5JNZNfYwtmzduAV8ho3wUZUCiR1hfTmqp9vC3wv3dmaVp6We4su
address:1ED6dfgtwBXoXHq33xJNpx8ASeQ1NG7MU3
[DEBUG]2018/12/15 09:37:51 ----------------------
[DEBUG]2018/12/15 09:37:51 ----------------------
[DEBUG]2018/12/15 09:37:51 eth:
private:b6e670e79136a67387641096dfbb7f5d276e418155082c6a7819b3905ed15eeb
address:0x21d4eb7596977611B9EBCBAacA52b407deDc9CfF
[DEBUG]2018/12/15 09:37:51 ----------------------
[DEBUG]2018/12/15 09:37:51 ----------------------
[DEBUG]2018/12/15 09:37:51 btc:
private:5KMmncM6a6nM9C3mhH4NAJoYVw9EBX2Trbjfd4PSLUGNWSNmPDE
address:1Aie65SLkRqGPbcPvQBgK6ewsYmdQtFsWt
[DEBUG]2018/12/15 09:37:51 ----------------------
[DEBUG]2018/12/15 09:37:51 ----------------------
[DEBUG]2018/12/15 09:37:51 btc:
private:5JcnM64sbFUFeHbefaZsy1ULKosDCevJyUUpN1JqaMPtTDwmrxR
address:1NefnhFcxsjyqmvEtzeuUTr4efYqz1sViQ
[DEBUG]2018/12/15 09:37:51 ----------------------
[DEBUG]2018/12/15 09:37:51 ----------------------
[DEBUG]2018/12/15 09:37:51 eth:
private:79ec138aa76dafa26bd7963eb44106551a42f56d6ba308d4caf835e9de9fdb83
address:0x6dd03F71253C996BCF0Dd95655b7b09c96048e31
[DEBUG]2018/12/15 09:37:51 ----------------------
[DEBUG]2018/12/15 09:37:52 ----------------------
[DEBUG]2018/12/15 09:37:52 btc:
private:5Jau7oUwGKaoEJcb3mr4RNsnKhpuNdKVspRupaksf4UFM7TihbH
address:1LnUSLJNfZCubqfPCgyxtLSAE1F1pfhKz1
[DEBUG]2018/12/15 09:37:52 ----------------------
[DEBUG]2018/12/15 09:37:52 ----------------------
[DEBUG]2018/12/15 09:37:52 eth:
private:22784480cb719faba20956b241f323209612f22751b56bf6f03f5fd4f3d95398
address:0xA0Ce4AeFeBc9c665b03B2323D4144b6323A157a5
[DEBUG]2018/12/15 09:37:52 ----------------------
[DEBUG]2018/12/15 09:37:52 ----------------------
[DEBUG]2018/12/15 09:37:52 eth:
private:dc54e0368331db3f3f5dd0f27cb9fb268a02f720c46fd1ab149d27388e01c802
address:0x3b79A25D6DA8151a26e308E1d64e869e1C82fd8B
[DEBUG]2018/12/15 09:37:52 ----------------------
[DEBUG]2018/12/15 09:37:52 ----------------------
[DEBUG]2018/12/15 09:37:52 btc:
private:5Jb7vXVnWKtDvmrKi3WchrQMAsdtiNV5QQmVt3Yn9LPNVcjxrXN
address:1Hr4tXjo2Wj5FC4cbcvzJAY2GmTazrhLKv
[DEBUG]2018/12/15 09:37:52 ----------------------
[DEBUG]2018/12/15 09:37:52 ----------------------
[DEBUG]2018/12/15 09:37:52 eth:
private:78ed698c0dcfd923046ccc574215156ad784815c8e47e85c8b21db22a69ca504
address:0xa88f59Afb15013D964Ced910D236F98F11b44894
[DEBUG]2018/12/15 09:37:52 ----------------------
[DEBUG]2018/12/15 09:37:52 ----------------------
[DEBUG]2018/12/15 09:37:52 btc:
private:5KJgNXzY68QqqJeKZ4rHM71zSky4vfURR3m6mRTBg7S7aLb7oVj
address:1DE7NvHFJWqa6ByEBZeNncSywGPXrYxGrL
[DEBUG]2018/12/15 09:37:52 ----------------------
[DEBUG]2018/12/15 09:37:52 ----------------------
[DEBUG]2018/12/15 09:37:52 eth:
private:a290c218c136381ee985d30d70556d07bf5741c716bc302676026766491a2ce9
address:0x16744de6eEE6AEa3E6DbcfDB5e026448437B057B
[DEBUG]2018/12/15 09:37:52 ----------------------
[DEBUG]2018/12/15 09:37:53 ----------------------
[DEBUG]2018/12/15 09:37:53 btc:
private:5JuKK62avFyAJQF5ru2ioGVykMsgCa1EYUEHST53qwQpdHE5XwX
address:18p6crbkse5o47zhRcaXdD5jovk8JbAbZ
[DEBUG]2018/12/15 09:37:53 ----------------------
[DEBUG]2018/12/15 09:37:53 ----------------------
[DEBUG]2018/12/15 09:37:53 eth:
private:3b80fba8660b619ce568638d0706b9dfce21499781ef811efe6d2d60080a5955
address:0xD9E6F329101123a30A36E26B1DdA0ff43d94D0E2
[DEBUG]2018/12/15 09:37:53 ----------------------
[DEBUG]2018/12/15 09:37:53 ----------------------
[DEBUG]2018/12/15 09:37:53 btc:
private:5J7LK2MjbLmEfemGtGyUMKM3E9BpmjfWxXRjHnwe8CUwFnKcZ8t
address:1PowQKxqMDxzduAoNLGoVr9hn6x8yW61j7
[DEBUG]2018/12/15 09:37:53 ----------------------
[DEBUG]2018/12/15 09:37:53 ----------------------
[DEBUG]2018/12/15 09:37:53 eth:
private:efacbd4296ff72384ffacb33bda3400adbdf7c73d65291daa020a6ceed3fdc7f
address:0x3a72Fc2D610D0D5AC8096B188a855bc1c3688d00
[DEBUG]2018/12/15 09:37:53 ----------------------
[DEBUG]2018/12/15 09:37:53 ----------------------
[DEBUG]2018/12/15 09:37:53 eth:
private:c1793bc37af504830f8488002aa860a4506c17b3dbbad3d1363fe5c804396000
address:0x83B9E6c66B761BDa0183E26c9D691211A8D4eB54
[DEBUG]2018/12/15 09:37:53 ----------------------
[DEBUG]2018/12/15 09:37:53 ----------------------
[DEBUG]2018/12/15 09:37:53 btc:
private:5K1oqfKkgz9YKGaBJyhPBTJu3628CEX1r6pjY44MG4Buyc89K2u
address:1CoK7C7BUVKy9qdDSPreDY1FJptzp9YUk8
[DEBUG]2018/12/15 09:37:53 ----------------------
[DEBUG]2018/12/15 09:37:53 ----------------------
[DEBUG]2018/12/15 09:37:53 eth:
private:2d71081306ba1fd684e3741b1989377c3343f2ac1742be7552039737ce168d34
address:0xA9A54fa76a7be4f662151d5cff1174f614D107aB
[DEBUG]2018/12/15 09:37:53 ----------------------
[DEBUG]2018/12/15 09:37:54 ----------------------
[DEBUG]2018/12/15 09:37:54 btc:
private:5JqKVABjNrUa1qXVtrigxSb23RjidY7tcz8UKmBdWUZLKPGvNy1
address:1DiKZi7c8iCWZUjoLcoXeAw25XYYL1fhRP
[DEBUG]2018/12/15 09:37:54 ----------------------
[DEBUG]2018/12/15 09:37:54 ----------------------
[DEBUG]2018/12/15 09:37:54 eth:
private:fae26d9a81a08feabe76723ba7728d41e34d77b0add89f0e3d04d286b92e4c34
address:0xc64a2823b4F547E27f68127e7985f6D5706693c2
[DEBUG]2018/12/15 09:37:54 ----------------------
[DEBUG]2018/12/15 09:37:54 ----------------------
[DEBUG]2018/12/15 09:37:54 btc:
private:5KeQVzFN7JCAxkvXY5baZ7LwzfnKsMY9aEjrbdxBqYPQ69NvoXE
address:17cZfEAwYymD7EgevAgTgNy4Z5vTd7czpj
[DEBUG]2018/12/15 09:37:54 ----------------------
[DEBUG]2018/12/15 09:37:54 ----------------------
[DEBUG]2018/12/15 09:37:54 eth:
private:9e378342298e7cd66553cbbd0e76e20fd9dec6f59a8c5c0134975562f4bcb17f
address:0x539d34666A08c094575080f34C96E5c714865F83
[DEBUG]2018/12/15 09:37:54 ----------------------
[DEBUG]2018/12/15 09:37:54 ----------------------
[DEBUG]2018/12/15 09:37:54 eth:
private:062bfbfa2499efb4f206ad1ee33604c7f3f26d709cf24335a5be059f5eb39955
address:0xD87e73aE3b4A270A6AAFff48C79600b244964551
[DEBUG]2018/12/15 09:37:54 ----------------------
[DEBUG]2018/12/15 09:37:54 ----------------------
[DEBUG]2018/12/15 09:37:54 btc:
private:5JTqZHqLdWQQFK6zVzLSHqZcd34KCvS4YjwEHgcsh5QqrG5U7bt
address:1Bb3MSKDZtiV4xoiRnPjgPqQzaX8d9ZjD8
[DEBUG]2018/12/15 09:37:54 ----------------------
[DEBUG]2018/12/15 09:37:54 ----------------------
[DEBUG]2018/12/15 09:37:54 eth:
private:185d3abf59a230c1b7dadb1f264080678883f5ea787f2ee59f20012a0ab87f7f
address:0x6486c96B31391561Ceb6BB785Eadad3DCfa4de01
[DEBUG]2018/12/15 09:37:54 ----------------------
[DEBUG]2018/12/15 09:37:55 ----------------------
[DEBUG]2018/12/15 09:37:55 btc:
private:5JZjKQzhYX5QFN1gFwHzssQBKPEAAVC7KqZnv9avFfS7UgEr8ah
address:1AK1y2iJyt9dJsY8HRM34puu7Qo3CCuJcX
[DEBUG]2018/12/15 09:37:55 ----------------------
[DEBUG]2018/12/15 09:37:55 ----------------------
[DEBUG]2018/12/15 09:37:55 eth:
private:7e91ce8e3fd052d007f907b2a566b9e8e77fbce697aeb829fd272ceb68fc4f42
address:0x9D243F04033f56D5f5030606C9A224Adcad875c1
[DEBUG]2018/12/15 09:37:55 ----------------------
[DEBUG]2018/12/15 09:37:55 ----------------------
[DEBUG]2018/12/15 09:37:55 btc:
private:5K4RqCmPhUy74FHQcPf4BLD48DfE7poLDHqqrgPHc2iLMUYqbgt
address:17bP1mkFtkpTHf2TeyYjwcn1eu8rJ7AvGJ
[DEBUG]2018/12/15 09:37:55 ----------------------
[DEBUG]2018/12/15 09:37:55 ----------------------
[DEBUG]2018/12/15 09:37:55 eth:
private:e7b1b39db79e95470bc5a72354d16053747946eabba5dc8ca382b66b4231f2ed
address:0x7a289f5c2DD8049810D906f682aef2A1890FA966
[DEBUG]2018/12/15 09:37:55 ----------------------
[DEBUG]2018/12/15 09:37:55 ----------------------
[DEBUG]2018/12/15 09:37:55 btc:
private:5J37cDDJNJ1DnwAZ9kTWRpc86zec8FFuTzxcpq2fXAbpNdkgRxF
address:13AdVVyzST7rGe1R4t48AeZ5o2tswmtNKZ
[DEBUG]2018/12/15 09:37:55 ----------------------
[DEBUG]2018/12/15 09:37:56 ----------------------
[DEBUG]2018/12/15 09:37:56 eth:
private:89df94b874974b0488c6fa68d5251f1a444810ae6acf270ac2575f6194a5d3bc
address:0x3A4d39490dFaAB96F4cD98De7F202bd58ee5d4E5
[DEBUG]2018/12/15 09:37:56 ----------------------
[DEBUG]2018/12/15 09:37:56 ----------------------
[DEBUG]2018/12/15 09:37:56 btc:
private:5JSarmsheL1vYkTzpjWCdp8iUfMi2aHqzvfEfCx3PNHu9b1rJs2
address:12ceLEgfYBnK9XdUr7UyjvFma3rGoLHqXX
[DEBUG]2018/12/15 09:37:56 ----------------------
[DEBUG]2018/12/15 09:37:56 ----------------------
[DEBUG]2018/12/15 09:37:56 eth:
private:7b55406f2570ae47d4351e06440abefb6886961cb9a5f3a09ccc15401f83bb11
address:0xd507F734d3074F0df6486edae7a2FaBe93f70Dad
[DEBUG]2018/12/15 09:37:56 ----------------------
[DEBUG]2018/12/15 09:37:56 ----------------------
[DEBUG]2018/12/15 09:37:56 btc:
private:5KkQHtBdVr3KzHoXtH53JCvyppHRmQoiGib2o8ybu5jhBpY5gCz
address:1JrUHMYdCzc7eET3UELhjXV7qVCXyrtrqx
[DEBUG]2018/12/15 09:37:56 ----------------------
[DEBUG]2018/12/15 09:37:56 ----------------------
[DEBUG]2018/12/15 09:37:56 eth:
private:b689c7e085b5bb221269b6c6bf2d105a629370fe86a3d70ae6279d9d4c4c895b
address:0xF1665110dc7E5d290675ccF25B34206F05D25E13
[DEBUG]2018/12/15 09:37:56 ----------------------
[DEBUG]2018/12/15 09:37:56 ----------------------
[DEBUG]2018/12/15 09:37:56 btc:
private:5JRqRdoeejpYvnyMmWkRjdVi7yupa9JQwGg5Pu5keHErXev1mQr
address:1NQxGdRAQbesVQ8KkeebM4FZuiZiCkkHs
[DEBUG]2018/12/15 09:37:56 ----------------------
[DEBUG]2018/12/15 09:37:56 ----------------------
[DEBUG]2018/12/15 09:37:56 eth:
private:c2a27ec9e81e70815690f9f3621abae8c6ce283de2dd0ab4655bb82bae60bca5
address:0xC079D8b5097a32135D873e535a7aB5e480E56CC1
[DEBUG]2018/12/15 09:37:56 ----------------------
[DEBUG]2018/12/15 09:37:57 ----------------------
[DEBUG]2018/12/15 09:37:57 eth:
private:48c847adab9831fa2787f986dad660132cf365db80b860b02af54b26147fedb4
address:0x471465a2bDFe547bbB0065E8d428689F942a46F3
[DEBUG]2018/12/15 09:37:57 ----------------------
[DEBUG]2018/12/15 09:37:57 ----------------------
[DEBUG]2018/12/15 09:37:57 btc:
private:5Hy4PPCugK25UZowNQXHND8BGKXKDXRz6ub6kVz7SenRVweA75N
address:1EXPLVqNbqhfReHRnZQ68B9oNmSSgABv2y
[DEBUG]2018/12/15 09:37:57 ----------------------
[DEBUG]2018/12/15 09:37:57 ----------------------
[DEBUG]2018/12/15 09:37:57 eth:
private:06215e8f32231a6e7bed687ddc27ac2fd55c3eb359885fe834e45a1282905688
address:0x072CE21BC9B1D69ad6697D8A1CAcf5d79BD91Cf6
[DEBUG]2018/12/15 09:37:57 ----------------------
[DEBUG]2018/12/15 09:37:57 ----------------------
[DEBUG]2018/12/15 09:37:57 btc:
private:5KBjW1ux6YPDtJRSjd5Lic6o3bAQ294bae5quXdWbkazyLtCLPm
address:18DBaCkjpRbz3gm9BB3pkkMFCbDH141bYj
[DEBUG]2018/12/15 09:37:57 ----------------------
[DEBUG]2018/12/15 09:37:57 ----------------------
[DEBUG]2018/12/15 09:37:57 eth:
private:76dfa22d831d9f1ad1aec239a4d93b9a25427890b07a4e5748473161e46d533e
address:0x061DD2570FC5331Fe569657c78C67862F0b8deac
[DEBUG]2018/12/15 09:37:57 ----------------------
[DEBUG]2018/12/15 09:37:57 ----------------------
[DEBUG]2018/12/15 09:37:57 btc:
private:5JScZixtR3WA9HaHvMdLzkPbKYa1h9iD4HFcdXjD1tXBdn1PJrx
address:1Pdmeq5X8wHLaFkCiVZSuadj6VJ54t9WLC
[DEBUG]2018/12/15 09:37:57 ----------------------
[DEBUG]2018/12/15 09:37:57 ----------------------
[DEBUG]2018/12/15 09:37:57 eth:
private:bddbecef708881781ab86c1b799bf091bd142999db29ab08e6e369d0ca1f69d0
address:0xaAaF9aCA81C0c82791BC7CC8aac12A67D34535f8
[DEBUG]2018/12/15 09:37:57 ----------------------
[DEBUG]2018/12/15 09:37:58 ----------------------
[DEBUG]2018/12/15 09:37:58 eth:
private:3bcbeebd9162f8c77847196994387c7eafb0233cd397170fff618c5684aa7cdf
address:0xc4a555A654Da5e8eC43ca156f834d77aB043b8d1
[DEBUG]2018/12/15 09:37:58 ----------------------
[DEBUG]2018/12/15 09:37:58 ----------------------
[DEBUG]2018/12/15 09:37:58 btc:
private:5HvcvnjoAmUaXg7RFjuCnfpHNVWShgTXoi4KZQ6vKbxjqTEagH6
address:167upT2jY4Xka5odQaSPpjbw8ZNafmXUdg
[DEBUG]2018/12/15 09:37:58 ----------------------
[DEBUG]2018/12/15 09:37:58 ----------------------
[DEBUG]2018/12/15 09:37:58 eth:
private:5b46a7872c75bb1c56becfd03ded393c0591a8293dc3eba46bbff302a416ccbb
address:0x11365B944b0E8C998aF64671DE5703BE4a7dC6f3
[DEBUG]2018/12/15 09:37:58 ----------------------
[DEBUG]2018/12/15 09:37:58 ----------------------
[DEBUG]2018/12/15 09:37:58 btc:
private:5Hqz7v4ToXjtj8WkRh5k3huPcSdvL7hzXVNLeXRGbvVUCKvRuWN
address:1H5nDZZV2TaqJY6BUnvkBFPZ15LngaqbR1
[DEBUG]2018/12/15 09:37:58 ----------------------
[DEBUG]2018/12/15 09:37:58 ----------------------
[DEBUG]2018/12/15 09:37:58 eth:
private:413ae68e80904eefe74fcdf6252a8767b1c9df799dcf036768ebe6dd05c6f752
address:0xF81fF44CA1da21e2A971e4b9422fA611Bffe60a1
[DEBUG]2018/12/15 09:37:58 ----------------------
[DEBUG]2018/12/15 09:37:58 ----------------------
[DEBUG]2018/12/15 09:37:58 btc:
private:5KStC57Uyp7uKRX6MJcuHdhZd1yWuvVzwy7rjA8dvhU81t6ey8m
address:127GUEvxjDYgd2vfAdUXtTS253Z1xbRSS9
[DEBUG]2018/12/15 09:37:58 ----------------------
[DEBUG]2018/12/15 09:37:58 ----------------------
[DEBUG]2018/12/15 09:37:58 eth:
private:9376da2a41ffe3e27f3b178663a33be34b994068f2e39657b3849e2340b75c99
address:0x19b3471403A135655a98C7EBF48B0D70ECadbCF7
[DEBUG]2018/12/15 09:37:58 ----------------------
[DEBUG]2018/12/15 09:37:59 ----------------------
[DEBUG]2018/12/15 09:37:59 btc:
private:5K1icEtJ85Hbhgm3ZhzXecyUkEpD5s6GtJpXJLmGbmdGECbUsmx
address:1M3wEGpu7VcFkRQpQs1jAsuz8VeAXY6bhX
[DEBUG]2018/12/15 09:37:59 ----------------------
[DEBUG]2018/12/15 09:37:59 ----------------------
[DEBUG]2018/12/15 09:37:59 eth:
private:d08e86f8323ef1a516b788bc2b1e3b4bd6fb5fa521b2e30b5cf64f5a463a9892
address:0x2b26ce4aeeCE04c6F6D5bA368871A6807345fab5
[DEBUG]2018/12/15 09:37:59 ----------------------
[DEBUG]2018/12/15 09:37:59 ----------------------
[DEBUG]2018/12/15 09:37:59 eth:
private:b22374409a88e92899196daae89e8ba575911fcbe8d7796844bd0edb313ce206
address:0x183cAC3d4e6767290419CA5F8fBf49ee9eb1DC89
[DEBUG]2018/12/15 09:37:59 ----------------------
[DEBUG]2018/12/15 09:37:59 ----------------------
[DEBUG]2018/12/15 09:37:59 btc:
private:5JtE5THVXmpXoU2bVbrXjyMu2brqvfiWfqz5idPTCvHwE1LEtik
address:1LcajU8zLQMScfiGnP1JdiCuDYQiLc8e4P
[DEBUG]2018/12/15 09:37:59 ----------------------
[DEBUG]2018/12/15 09:37:59 ----------------------
[DEBUG]2018/12/15 09:37:59 eth:
private:38523510b13e4c3a46b0a94b5e5f61a5ebdf975c1b35d5327fd802523121ff04
address:0xB3fe13C5f2B3f11e8CD6165De0ec2226C5f62D1C
[DEBUG]2018/12/15 09:37:59 ----------------------
[DEBUG]2018/12/15 09:37:59 ----------------------
[DEBUG]2018/12/15 09:37:59 btc:
private:5Jz8gkcKWyxeFDx7nxtnjmCfmzZgs8S8Di2fnk7YqDPowfW1LWf
address:14qopDusXL8zQ3D9v2uTwU3pkMNH4yvrzL
[DEBUG]2018/12/15 09:37:59 ----------------------
[DEBUG]2018/12/15 09:37:59 ----------------------
[DEBUG]2018/12/15 09:37:59 eth:
private:6539483420ad43a5a1e586108aae3459659735dff457cb511474a909f8e50c51
address:0x3f96716f94473666b321ADb924d04EDceC98F7d1
[DEBUG]2018/12/15 09:37:59 ----------------------
[DEBUG]2018/12/15 09:38:00 ----------------------
[DEBUG]2018/12/15 09:38:00 eth:
private:7c4a42f38f9975cc97ca4501505c70df42643991c6bf8486477b295bc9959003
address:0x7757d48cC29cF58bBe261e82Ba48bdf5A7FA57F3
[DEBUG]2018/12/15 09:38:00 ----------------------
[DEBUG]2018/12/15 09:38:00 ----------------------
[DEBUG]2018/12/15 09:38:00 btc:
private:5KQfJq1sNqgzaMcr86RHQ2i6AqxvBwXg3QhwQuqLWyhwQwCBQuU
address:1AJcjaS1ZJ7MrPM8bz8yHyMxMJwC4jbD4i
[DEBUG]2018/12/15 09:38:00 ----------------------
[DEBUG]2018/12/15 09:38:00 ----------------------
[DEBUG]2018/12/15 09:38:00 eth:
private:4c5078f36f3d62f03c298c5a6a9cdc00eab140ca4fc8ea70936406c89c1fc8de
address:0x75a4A760DBcFD2ec1BBA5aa5458261C886bde3f6
[DEBUG]2018/12/15 09:38:00 ----------------------
[DEBUG]2018/12/15 09:38:00 ----------------------
[DEBUG]2018/12/15 09:38:00 btc:
private:5JkDViaxDZ2sCFRQ5XcZtrnCXerzBapxzPsxEQR7Wh2hZR5fSq8
address:1BWa4GQMMbdFVwj9bjda1uBzUtxNNqbgR3
[DEBUG]2018/12/15 09:38:00 ----------------------
[DEBUG]2018/12/15 09:38:00 ----------------------
[DEBUG]2018/12/15 09:38:00 eth:
private:afdcd740c96ef8e7f05f9d40e91e245ce73c3eada156271cf3b7ac8cd618138a
address:0x30735A150f62f97041757A5eC9A5037491E33fF3
[DEBUG]2018/12/15 09:38:00 ----------------------
[DEBUG]2018/12/15 09:38:00 ----------------------
[DEBUG]2018/12/15 09:38:00 btc:
private:5KjS4NV6S2ovqQhARsnTvX5tZgZTqgHEL5ycicPC1pJQfKS3AXx
address:19LR6ZpzgYAkN1fhVj3fEnmbh7nSWQ5qgJ
[DEBUG]2018/12/15 09:38:00 ----------------------
[DEBUG]2018/12/15 09:38:01 ----------------------
[DEBUG]2018/12/15 09:38:01 eth:
private:f483d208ceda40aed1672f92aa699bf3623f16a164fbb086ad45c987693900ce
address:0x320C7d64521357d32d8Bc2e1178721fA875B1dAC
[DEBUG]2018/12/15 09:38:01 ----------------------
[DEBUG]2018/12/15 09:38:01 ----------------------
[DEBUG]2018/12/15 09:38:01 btc:
private:5KMpaDSRd8JfW8qjE8EuoogfrDXgv8LnxyxjAthmfvSpEEPrDfC
address:15ekKcUEY5c5otZ9iK1EbRqxVA1HQHKKPY
[DEBUG]2018/12/15 09:38:01 ----------------------
[DEBUG]2018/12/15 09:38:01 ----------------------
[DEBUG]2018/12/15 09:38:01 eth:
private:0acf267ae42e7edd80e913244921c21235753b20b6550e9ce83d1c116bd1be4b
address:0xAE4Aca133FB9983252cF6e8f68308550c921977b
[DEBUG]2018/12/15 09:38:01 ----------------------
[DEBUG]2018/12/15 09:38:01 ----------------------
[DEBUG]2018/12/15 09:38:01 btc:
private:5K1P3M5ec2RE9CPweZad5mjEWUkJrf5jiZmPxxvGyfFupCQh8w7
address:1CrAhnK5sNeA8XtF7fLgn2NaGkJdrF78kW
[DEBUG]2018/12/15 09:38:01 ----------------------
[DEBUG]2018/12/15 09:38:01 ----------------------
[DEBUG]2018/12/15 09:38:01 eth:
private:ee583f935d13c19dcd896476052df0cfa23b6f5528b75b052b15c3378afd0069
address:0x8dc8F10dcA3FDf3122490e9c107e9e06eBcf54DC
[DEBUG]2018/12/15 09:38:01 ----------------------
[DEBUG]2018/12/15 09:38:01 ----------------------
[DEBUG]2018/12/15 09:38:01 btc:
private:5KfxxyQ65YahCPBrgjpbLzh8V3dGytGDFMi7PAD1ch5sCsyJq5e
address:18EF566Tv4bdnfgqSHuuy8SyCD2qWU9vf
[DEBUG]2018/12/15 09:38:01 ----------------------
[DEBUG]2018/12/15 09:38:01 ----------------------
[DEBUG]2018/12/15 09:38:01 eth:
private:847a4df456caab9078a72076c9fdca637876928d5d8388bbaf59bb4a6ae91d7d
address:0x95E22C75881212c5689fa6996206d04A43042C9e
[DEBUG]2018/12/15 09:38:01 ----------------------
[DEBUG]2018/12/15 09:38:02 ----------------------
[DEBUG]2018/12/15 09:38:02 eth:
private:d072280332f7bdfa421b1adc0b7e99ee89d496e1c18b4657858a4725ff494b3c
address:0x0B8565CF7E979Cd966C17D389795d9BF15dc9c48
[DEBUG]2018/12/15 09:38:02 ----------------------
[DEBUG]2018/12/15 09:38:02 ----------------------
[DEBUG]2018/12/15 09:38:02 btc:
private:5JriCDFTYTQabnkGnuG7prADf4DppwWo9f9shKUc3DTVr5H3UKn
address:17ZJWLZvUZ7uKY7XC8f9gWwLtTCPfYpUBW
[DEBUG]2018/12/15 09:38:02 ----------------------
[DEBUG]2018/12/15 09:38:02 ----------------------
[DEBUG]2018/12/15 09:38:02 eth:
private:1f363be21c557b9e180638c369ac9d8c434e0a98ddb3eecb6e01b6f47c2253f8
address:0xAd2320e6A1c7AE2C558fC275A1B6ea108d140DD0
[DEBUG]2018/12/15 09:38:02 ----------------------
[DEBUG]2018/12/15 09:38:02 ----------------------
[DEBUG]2018/12/15 09:38:02 btc:
private:5KUrec8XpUfMFzMzXWGwNA51Co97SLa1Y7MbAYNUbfJKzVNBkJy
address:15ziDpNhoN4GaL5tNacY8iz8kkqZjimKbv
[DEBUG]2018/12/15 09:38:02 ----------------------
[DEBUG]2018/12/15 09:38:02 ----------------------
[DEBUG]2018/12/15 09:38:02 eth:
private:b95ca66200076924012cbb613efe7c865731d979906e50a7f7e14a313b5a9cce
address:0x6f7a02EfA065a7cAe112151E1a7794f95391d58C
[DEBUG]2018/12/15 09:38:02 ----------------------
[DEBUG]2018/12/15 09:38:02 ----------------------
[DEBUG]2018/12/15 09:38:02 btc:
private:5KiviWVCHE5WyC1iVWPVMx8CrfTne9g7dB4kf9gfa2ieedCeQB8
address:13L9f7rAikrB9Cj6dCH6QDVZ8XVW1aEaUX
[DEBUG]2018/12/15 09:38:02 ----------------------
[DEBUG]2018/12/15 09:38:02 ----------------------
[DEBUG]2018/12/15 09:38:02 eth:
private:32e46f7c41a0b663f2c504bd816ae299bb1bbd3390baf52b25f44241b8f342f0
address:0x276D57e2AB3c714E041532D0F7d03Fe48384Dc83
[DEBUG]2018/12/15 09:38:02 ----------------------
[DEBUG]2018/12/15 09:38:03 ----------------------
[DEBUG]2018/12/15 09:38:03 eth:
private:3f320a33603965f9290d673c7b16f64587bd36e406514313b7ad7b3b48028dca
address:0x1BB2b2dE6Bc6dE016D2DE9d200d8714cD886AA81
[DEBUG]2018/12/15 09:38:03 ----------------------
[DEBUG]2018/12/15 09:38:03 ----------------------
[DEBUG]2018/12/15 09:38:03 btc:
private:5KMxSc9h9x9JgaVtLyi1dxih3uM9v4BVNi7PzhRM5GcRoMibbfm
address:17oMVPEqyoKqEkzT33D3UjjbJHFujmkPK2
[DEBUG]2018/12/15 09:38:03 ----------------------
[DEBUG]2018/12/15 09:38:03 ----------------------
[DEBUG]2018/12/15 09:38:03 eth:
private:03c2a93c1953c53de88ff32e1e712439bc6b82ae2c9913e6eb14e34436bb0975
address:0xbc5bEDB31781B9E3aA6928605478F8488069d86E
[DEBUG]2018/12/15 09:38:03 ----------------------
[DEBUG]2018/12/15 09:38:03 ----------------------
[DEBUG]2018/12/15 09:38:03 btc:
private:5KNeCwEk79TQeBJxCSwhhrCJ7njNrzyUafX8dwkeyZqy8YgHvRk
address:19HhpQg6RB3xviHfeQvT4omVYhQ9zXpoUJ
[DEBUG]2018/12/15 09:38:03 ----------------------
[DEBUG]2018/12/15 09:38:03 ----------------------
[DEBUG]2018/12/15 09:38:03 eth:
private:ae6ab528925065550f209851e597289cf9ba6dbd438739302f85a13d91d3cafe
address:0x07ece3189F2711A8dA63D475B5E514530e7cC423
[DEBUG]2018/12/15 09:38:03 ----------------------
[DEBUG]2018/12/15 09:38:03 ----------------------
[DEBUG]2018/12/15 09:38:03 btc:
private:5JRHfBXMd7Zu2CKWVimpfQsS31Xcmzhi3beaH4gr47B3471LCwF
address:1DVGchmxfJTp2c6p4yUbZ6CxCu6SrN4dU3
[DEBUG]2018/12/15 09:38:03 ----------------------
[DEBUG]2018/12/15 09:38:03 ----------------------
[DEBUG]2018/12/15 09:38:03 eth:
private:d87e77cd0e70453d7b0ddd94a5fbec696fc9fa922fd80c374c93cd8307d4617c
address:0x41e4E47ACBF0624cBa95C7a9cB9919217EaBB77F
[DEBUG]2018/12/15 09:38:03 ----------------------
[DEBUG]2018/12/15 09:38:04 ----------------------
[DEBUG]2018/12/15 09:38:04 btc:
private:5KSZNoZW5N94tW9KUfsxwdGeGN4Z4pypKzhteti3cdpW4s77WKU
address:1Jc2PhvTkW6EPsmWhjapYazGURzPwUcEkK
[DEBUG]2018/12/15 09:38:04 ----------------------
[DEBUG]2018/12/15 09:38:04 ----------------------
[DEBUG]2018/12/15 09:38:04 eth:
private:f6cd2c23ca28b7306562abcc3cc23dfeb005a9caff824362294cb7d6d2b41abb
address:0xe67634cdCCbD33597E6c802029fD1134117F4119
[DEBUG]2018/12/15 09:38:04 ----------------------
[DEBUG]2018/12/15 09:38:04 ----------------------
[DEBUG]2018/12/15 09:38:04 eth:
private:bc0e4d71fe8378084e189e7d44e32010a89d811fa27932cd6254d13fe7a30e05
address:0xd4E733caAE0A54877Cf19996d53C65f0598ce683
[DEBUG]2018/12/15 09:38:04 ----------------------
[DEBUG]2018/12/15 09:38:04 ----------------------
[DEBUG]2018/12/15 09:38:04 btc:
private:5Js6N371SMrnCb7tx8erMgdYkPPF4v4wtW8sgmFH9vo78M8pa3W
address:15yp9tcx9ZyaSHp5DqAUu44eSge6dLSrpS
[DEBUG]2018/12/15 09:38:04 ----------------------
[DEBUG]2018/12/15 09:38:05 ----------------------
[DEBUG]2018/12/15 09:38:05 eth:
private:624628157e0b8b5f18f738f3ef5110207e7e717e99c6db024dfc0eb5ed169e15
address:0x2799869Fcd0e386E2b794bA7a93491435849Cc98
[DEBUG]2018/12/15 09:38:05 ----------------------
[DEBUG]2018/12/15 09:38:05 ----------------------
[DEBUG]2018/12/15 09:38:05 btc:
private:5Juo7GLWMWdnxLZUrXgDXAAYzHhoBqKpAU1JJYQmm2EsdygdkgC
address:1PkFzau6PA2Q49cG225YQZTkub2vSkvHLR
[DEBUG]2018/12/15 09:38:05 ----------------------
[DEBUG]2018/12/15 09:38:05 ----------------------
[DEBUG]2018/12/15 09:38:05 eth:
private:991aaa1f6fde15588034970ce13dbd48ad83f27b2f1706cdfbdbd542d59c9759
address:0x3AC9db133EC9aDD14C093315c5E9641a1a831de7
[DEBUG]2018/12/15 09:38:05 ----------------------
[DEBUG]2018/12/15 09:38:05 ----------------------
[DEBUG]2018/12/15 09:38:05 eth:
private:182e5abddfffadd8ec56223e0e4ce9caf0a1aeba9f883bb42cf5e1cc78ed1500
address:0xEacDd743958790332353309252D71F7Fc7Cbd77e
[DEBUG]2018/12/15 09:38:05 ----------------------
[DEBUG]2018/12/15 09:38:05 ----------------------
[DEBUG]2018/12/15 09:38:05 btc:
private:5KLKcj9Kqj9QPWtb6uPazm6jQuL1t9qGFfHnZgEGQsAFzMN5rgF
address:1Lf3Bdohp4evnvRnNxfSJwi4g9TFpD1niu
[DEBUG]2018/12/15 09:38:05 ----------------------
[DEBUG]2018/12/15 09:38:05 ----------------------
[DEBUG]2018/12/15 09:38:05 eth:
private:b8b34409b918fb5324bed8989f218bf1e163877770a1a54ddc942f00d2db11ee
address:0xBfa89C2D854CD337Dfa0Fb508826455E344a0040
[DEBUG]2018/12/15 09:38:05 ----------------------
[DEBUG]2018/12/15 09:38:05 ----------------------
[DEBUG]2018/12/15 09:38:05 btc:
private:5Jqao6uhcMU3GMdQtbcrs1sayvgsJo2T3dz2DcSr2ban5ELTTLM
address:1MYSbAJ2buXTmebyeUYrhxWXiDhDfZgdxc
[DEBUG]2018/12/15 09:38:05 ----------------------
[DEBUG]2018/12/15 09:38:06 ----------------------
[DEBUG]2018/12/15 09:38:06 eth:
private:b8f0a09601749c76031b83022fb6fe9a58455af0edaa5457ee08274a52668d
address:0xb44BA2F02c6E0E8EF70d62540f263F127e642D97
[DEBUG]2018/12/15 09:38:06 ----------------------
[DEBUG]2018/12/15 09:38:06 ----------------------
[DEBUG]2018/12/15 09:38:06 btc:
private:5Kis6KDp9t8QagvjiByisjHt5z7FT4e9QhWGqYutXEhhHYiPg2a
address:1KBbH1yqsRF3n3aYGaWkeXG4xkoWcaRW8F
[DEBUG]2018/12/15 09:38:06 ----------------------
[DEBUG]2018/12/15 09:38:06 ----------------------
[DEBUG]2018/12/15 09:38:06 eth:
private:d66ed384619055636c50c6084709337f000b176bc83b24ddd01e7f41e30f4703
address:0x90024085de02a4f93BBEDF85acaC44a7795C626f
[DEBUG]2018/12/15 09:38:06 ----------------------
[DEBUG]2018/12/15 09:38:06 ----------------------
[DEBUG]2018/12/15 09:38:06 eth:
private:a6c1c1f5e09dcb837d3e1749150f88f5f2649f74c533c595ac823f3e49a0b726
address:0xB62B7E9E1fA5c517c4C741d55c3c86a9aFdcf353
[DEBUG]2018/12/15 09:38:06 ----------------------
[DEBUG]2018/12/15 09:38:06 ----------------------
[DEBUG]2018/12/15 09:38:06 eth:
private:39736503bf741a4e067bec98d8ce19c8c1865686cd722558a2f299f01bed35b8
address:0x4208742D53D40cE459f49d0dd75f8F9d45Ed50DA
[DEBUG]2018/12/15 09:38:06 ----------------------
[DEBUG]2018/12/15 09:38:06 ----------------------
[DEBUG]2018/12/15 09:38:06 btc:
private:5KgzYzMZkDviFxsPoTLKbQVVdeCQcUkuey6UENNbsQKv1ozuQLH
address:15ksvevLEvo5AvYsriXX9h56bNK2fihrSi
[DEBUG]2018/12/15 09:38:06 ----------------------
[DEBUG]2018/12/15 09:38:07 ----------------------
[DEBUG]2018/12/15 09:38:07 eth:
private:263a99af50d47ac5fa6e7a229f7da174fa8bb8cc36ef51b97e65bcd44bee8564
address:0xdCc2C39CF4c16d899bF2d9F4a4EC03f236AcBd7a
[DEBUG]2018/12/15 09:38:07 ----------------------
[DEBUG]2018/12/15 09:38:07 ----------------------
[DEBUG]2018/12/15 09:38:07 eth:
private:fe4643282c6b654102597c894f90b8a1c45c39c1cb34321c779998c3cfa575c9
address:0x863ac81c3C78B42071F5dCB28c5bd116D655b741
[DEBUG]2018/12/15 09:38:07 ----------------------
[DEBUG]2018/12/15 09:38:07 ----------------------
[DEBUG]2018/12/15 09:38:07 btc:
private:5KQsWyBpWZp9eU9ZNGCpQAZish5ragBosj4mHZDVw7VCVdPyAsj
address:1DsaSagVZLW52eVsvtMyAQNCsnM3cQGuat
[DEBUG]2018/12/15 09:38:07 ----------------------
[DEBUG]2018/12/15 09:38:07 ----------------------
[DEBUG]2018/12/15 09:38:07 eth:
private:2f038dd646aa40fd5be4879edefeff79a5036a001ede284241c48e070c65268f
address:0xc22C601B3Ebde5Fb623aeB4d8B3765820969ecE7
[DEBUG]2018/12/15 09:38:07 ----------------------
[DEBUG]2018/12/15 09:38:07 ----------------------
[DEBUG]2018/12/15 09:38:07 btc:
private:5J2eZ575DKAhCvq1rhcd1P4pbFAPjcLKdYbDhV73V1tsR43uu6f
address:1779Z1MtpsUxRPUyGMe1jfJ7L9fC6pRNEq
[DEBUG]2018/12/15 09:38:07 ----------------------
[DEBUG]2018/12/15 09:38:07 ----------------------
[DEBUG]2018/12/15 09:38:07 eth:
private:ff1e12e48bdbb88af5a5f661ff091692efc7495580e329d79f1d2221540411ed
address:0x47BCA10a968A234227F78Bb9a61100c4e3A37a98
[DEBUG]2018/12/15 09:38:07 ----------------------
[DEBUG]2018/12/15 09:38:07 ----------------------
[DEBUG]2018/12/15 09:38:07 btc:
private:5KRGeWpLEQoR5givvdMY8MyBzks558ThpRL48VzpNA6yj9gnZea
address:1MJ3cXjCDfihUgV9DvmyXha2MKxZkNw5Cv
[DEBUG]2018/12/15 09:38:07 ----------------------
[DEBUG]2018/12/15 09:38:08 ----------------------
[DEBUG]2018/12/15 09:38:08 eth:
private:df2dac15551964937b634ba226e8775ab5e6b28f71eb3f4e08de75a3df1d5e04
address:0xEE954c61f127cAE79C20a6A2293Ff0d30cCf8Cda
[DEBUG]2018/12/15 09:38:08 ----------------------
[DEBUG]2018/12/15 09:38:08 ----------------------
[DEBUG]2018/12/15 09:38:08 btc:
private:5JAFQX79hfmJWjgzeMcUbFdfJBoCbibW6Y7xpEFJ82HYRNWodQs
address:16mKpmC4dMTfopzEgxbE3aKShpQy5NiMFX
[DEBUG]2018/12/15 09:38:08 ----------------------
[DEBUG]2018/12/15 09:38:08 ----------------------
[DEBUG]2018/12/15 09:38:08 eth:
private:3328d7d32f6a7080fae74e4d90df4bc5e0cf767f3037aab7658622599804dc3f
address:0x44076350fE86cB664ee2726aa1d33F7795CDd07c
[DEBUG]2018/12/15 09:38:08 ----------------------
[DEBUG]2018/12/15 09:38:08 ----------------------
[DEBUG]2018/12/15 09:38:08 btc:
private:5Kk9AvoXfVuX5GFbyKFya5GVnwwgG6m9Yy9Hr4D6WLC9Ki7rSwu
address:1tia4ReaEFhbRWenHFrPJACeCUABDe3Ya
[DEBUG]2018/12/15 09:38:08 ----------------------
[DEBUG]2018/12/15 09:38:08 ----------------------
[DEBUG]2018/12/15 09:38:08 eth:
private:abe3d6365b159b422aaab148d50c3bff8b4cdc0393ecf94dc1cbd67cdd5e23de
address:0x6f599d6eE89fd5A4A38F9D04C8BeBEF82561e661
[DEBUG]2018/12/15 09:38:08 ----------------------
[DEBUG]2018/12/15 09:38:08 ----------------------
[DEBUG]2018/12/15 09:38:08 eth:
private:ca203c105270cae0beebc53f25b29c1c68819b2495eba2deb7c358b5fb177702
address:0xa493357ae7DD52ade16FBf76EB26a951d8F221fF
[DEBUG]2018/12/15 09:38:08 ----------------------
[DEBUG]2018/12/15 09:38:08 ----------------------
[DEBUG]2018/12/15 09:38:08 btc:
private:5Ki6XfdQdPyGsEy5ihNEDDBMo5WZ1Zcg3g6EW1Nz1GqLwkJbbpo
address:1H8UEWMQzcS1vwUURQKzex1KAScWUwUWw2
[DEBUG]2018/12/15 09:38:08 ----------------------
[DEBUG]2018/12/15 09:38:09 ----------------------
[DEBUG]2018/12/15 09:38:09 eth:
private:259135e43885d194c44e991e02de67b3c374a062919b5e4f414ae32f33ce5f0f
address:0x00B4D0be0C7AB077DE8bb7cb258557fd2C251D95
[DEBUG]2018/12/15 09:38:09 ----------------------
[DEBUG]2018/12/15 09:38:09 ----------------------
[DEBUG]2018/12/15 09:38:09 btc:
private:5J9u2SqYLGzJPpr48dQ9vR3ALnns8x4rxrguUbC9s2Sknkcrrk7
address:1LehV35AbiTSSmM6GTEPUAXnMCTVmTsD5v
[DEBUG]2018/12/15 09:38:09 ----------------------
[DEBUG]2018/12/15 09:38:09 ----------------------
[DEBUG]2018/12/15 09:38:09 eth:
private:b51869978d70d1c0de5d0c2bb28ee41ff6ac92db6db5aa77654c9bcf6c50ec7c
address:0xf1b2C6292b3388D8D4EB855076C38c80D856BbDD
[DEBUG]2018/12/15 09:38:09 ----------------------
[DEBUG]2018/12/15 09:38:09 ----------------------
[DEBUG]2018/12/15 09:38:09 eth:
private:e4bcdbc8e7edd860a57af9dc862257b8d8568a0c234166acf22cd3c100429040
address:0xEB2e98520789767036e3E89ebbC8956c778D8958
[DEBUG]2018/12/15 09:38:09 ----------------------
[DEBUG]2018/12/15 09:38:09 ----------------------
[DEBUG]2018/12/15 09:38:09 btc:
private:5JvsYz8mmmCB8xVv247DwXCqysdy7bQkZSoYKcH3aUucgq4jpez
address:1NW5z7rUe58XmAJmLifv2YjddcY4MFgJmW
[DEBUG]2018/12/15 09:38:09 ----------------------
[DEBUG]2018/12/15 09:38:09 ----------------------
[DEBUG]2018/12/15 09:38:09 eth:
private:10cdc6b6aecf175bbe28679f2efcf6638f0a2c1ecc009f5478ad3a7a549da2ae
address:0x5a19C7785996286Fd1f1D3f5B609137a49523ae0
[DEBUG]2018/12/15 09:38:09 ----------------------
[DEBUG]2018/12/15 09:38:10 ----------------------
[DEBUG]2018/12/15 09:38:10 btc:
private:5K5bFDGYLYtMkXkMJCFT9Ft3ZwVhfh26PmG21fcoscnUe5ExA9w
address:1K3oXUVWuhfLCm2DaAhiE4XDgJQepTeeAF
[DEBUG]2018/12/15 09:38:10 ----------------------
[DEBUG]2018/12/15 09:38:10 ----------------------
[DEBUG]2018/12/15 09:38:10 eth:
private:fff073853beaae538ad27ca70bf9ded92b4e74601eb87d39c0af6d0b5f4a528b
address:0x1256454FaF648c7E27910d0EaFc77CE3742B345d
[DEBUG]2018/12/15 09:38:10 ----------------------
[DEBUG]2018/12/15 09:38:10 ----------------------
[DEBUG]2018/12/15 09:38:10 eth:
private:46654399887fa1f0ca237e923d4f9d7a80dc69f229db69e37d21b52e14bcf6fa
address:0xc61140F0079cF889BAa153049570Bf6A7e5c9A33
[DEBUG]2018/12/15 09:38:10 ----------------------
[DEBUG]2018/12/15 09:38:10 ----------------------
[DEBUG]2018/12/15 09:38:10 btc:
private:5Js5SjiQRHuTESzo81r6HmiQEoUmjBSjcm5gkPasUGG3NkWzgvz
address:18941NZu5EYiSbAJXzr4Ye5fCtcnhuukEU
[DEBUG]2018/12/15 09:38:10 ----------------------
[DEBUG]2018/12/15 09:38:10 ----------------------
[DEBUG]2018/12/15 09:38:10 eth:
private:c08147321849fec6ea73faa507a8ee7632308cbe23d255ce6f25c5938fd9289a
address:0x6662EeC4395e8c156084872870384dAC81461B20
[DEBUG]2018/12/15 09:38:10 ----------------------
[DEBUG]2018/12/15 09:38:10 ----------------------
[DEBUG]2018/12/15 09:38:10 btc:
private:5K5bSth1qp4vytdR9aSkJYG3eFCvj6sEkNDYRwy4sqVt5W1zqAn
address:1Emj9aEvJzBsCtJKYpgEScetBLBtvaYxnb
[DEBUG]2018/12/15 09:38:10 ----------------------
[DEBUG]2018/12/15 09:38:10 ----------------------
[DEBUG]2018/12/15 09:38:10 eth:
private:7ccdc3835a6f3b29f3b5d58c109aad37344c18bba6704961056ecfb01f664f67
address:0xCFe1CA495055A804f1FCD0c0eED1f15528f96307
[DEBUG]2018/12/15 09:38:10 ----------------------
[DEBUG]2018/12/15 09:38:11 ----------------------
[DEBUG]2018/12/15 09:38:11 btc:
private:5HzEmMR37pX7h7go8eLgtoXRZ3MQQNwbrjiPQDTcQJ4DC3eCVhV
address:1AWr6N4wSGZs4KnvP1vz7inanBsPYQRRvF
[DEBUG]2018/12/15 09:38:11 ----------------------
[DEBUG]2018/12/15 09:38:11 ----------------------
[DEBUG]2018/12/15 09:38:11 eth:
private:511745e0fa9584562fadd0cc1d461e9ffa7afad1bb161721708629e1fcd49521
address:0x8c7DCd9472896323eBeB6F355BD055542f0eb61B
[DEBUG]2018/12/15 09:38:11 ----------------------
[DEBUG]2018/12/15 09:38:11 ----------------------
[DEBUG]2018/12/15 09:38:11 btc:
private:5JVHpstHExuDAyhpqn8AuHNEF88qJwQCYM3CCFq8Mv4NC5sc8ii
address:12qq5ji2GqMYetdydVXwKnGcC9VKGEjt5g
[DEBUG]2018/12/15 09:38:11 ----------------------
[DEBUG]2018/12/15 09:38:11 ----------------------
[DEBUG]2018/12/15 09:38:11 eth:
private:9e2f27f4e97f5895b9c0e1edcf15b2755b6b5fe43e570bd043ea94b007bc104d
address:0x2eEEA8de42d9B783B0582F9d3BA2e3Bb2C6C0344
[DEBUG]2018/12/15 09:38:11 ----------------------
[DEBUG]2018/12/15 09:38:11 ----------------------
[DEBUG]2018/12/15 09:38:11 eth:
private:17deb82b58daf08cee02e8d4bcb65ad8ac7237d05682ec199ee8f3c50f76e1f0
address:0xD90Dc7830E1433CddE66E7D86dEF49cB3bc64503
[DEBUG]2018/12/15 09:38:11 ----------------------
[DEBUG]2018/12/15 09:38:11 ----------------------
[DEBUG]2018/12/15 09:38:11 btc:
private:5HvrncRNFKmEeQvD4f2ofqsr8n3gB1nBSAXshZLFWN96EstEUiH
address:16xqzbzEwDKJG1ZYhGqH9MXMqJhM8UDWE
[DEBUG]2018/12/15 09:38:11 ----------------------
[DEBUG]2018/12/15 09:38:11 ----------------------
[DEBUG]2018/12/15 09:38:11 eth:
private:4984b91fd1ec4415d5f0982ee735ac6358ff4c32a797ab611fbf1cbef75f3222
address:0x4140f1133F1688067Cc31650743E9D320a690E57
[DEBUG]2018/12/15 09:38:11 ----------------------
[DEBUG]2018/12/15 09:38:11 ----------------------
[DEBUG]2018/12/15 09:38:11 btc:
private:5J7Vq8rzSiXwjoVr7Jgxj5u5isnMaxBFmL3R86paUwo1SxJfHXb
address:15UznBnG1TWF1hyWWeCpcp5rRS4o813Fn2
[DEBUG]2018/12/15 09:38:11 ----------------------
[DEBUG]2018/12/15 09:38:12 ----------------------
[DEBUG]2018/12/15 09:38:12 eth:
private:473802ff56c73cba2aff1168e44368d8fb0a13ecd9c42ca035044f4879bd6e51
address:0x74f86EB0084807C374e05D1Af913cEb41092ff81
[DEBUG]2018/12/15 09:38:12 ----------------------
[DEBUG]2018/12/15 09:38:12 ----------------------
[DEBUG]2018/12/15 09:38:12 btc:
private:5KZzibrKErLoY4ZvU73rRf5AkPHMK27Bi42qi3Z7HHb4QqyQZVa
address:1E7W1TmutfAty2fj1L1HdN99g6FdrDNgcD
[DEBUG]2018/12/15 09:38:12 ----------------------
[DEBUG]2018/12/15 09:38:12 ----------------------
[DEBUG]2018/12/15 09:38:12 eth:
private:e6f34a9205056ae5e8be5e41e1b90ea6f643a16572dfc114160754f9484cbfca
address:0xcd68E9A796433565Aaf01baCf2b72C611D78115a
[DEBUG]2018/12/15 09:38:12 ----------------------
[DEBUG]2018/12/15 09:38:12 ----------------------
[DEBUG]2018/12/15 09:38:12 eth:
private:2ceae9c6ec8db203420e73ec7469e2cba6a9b8031449b7f2b5315ceb30233091
address:0x0cB0883E0155eEc61B82E9c03bFe872e09797229
[DEBUG]2018/12/15 09:38:12 ----------------------
[DEBUG]2018/12/15 09:38:12 ----------------------
[DEBUG]2018/12/15 09:38:12 btc:
private:5KUa2jzzQuJs5nr6DWBvJ9moyQUCQNj1bmCr4Z818ZcnkXDAy8K
address:1NRede5bjjuXHQ1dG38FBcfSgL2muWD7xs
[DEBUG]2018/12/15 09:38:12 ----------------------
[DEBUG]2018/12/15 09:38:12 ----------------------
[DEBUG]2018/12/15 09:38:12 eth:
private:4914e9e19da89122cfe92c4a8714f05e17102795801ec724d2533775ffdf9550
address:0xC7974eEB3df0371f38EB6F3297d1c3151f066052
[DEBUG]2018/12/15 09:38:12 ----------------------
[DEBUG]2018/12/15 09:38:13 ----------------------
[DEBUG]2018/12/15 09:38:13 eth:
private:698a92b2c90e0721c113278e865b73eb3bc8bf153555c31e60205a6506a46b18
address:0x4cc0656FBe888b9791869331b091C65E4f38CC3a
[DEBUG]2018/12/15 09:38:13 ----------------------
[DEBUG]2018/12/15 09:38:13 ----------------------
[DEBUG]2018/12/15 09:38:13 btc:
private:5K2AnUx18TxnvNQXZDUwWh57ZeKJwxwPJdYHXRocv222oB9kWc4
address:12nhHX1NRd4nqiww7Y2D4o8iGcKYCJMF9y
[DEBUG]2018/12/15 09:38:13 ----------------------
[DEBUG]2018/12/15 09:38:13 ----------------------
[DEBUG]2018/12/15 09:38:13 eth:
private:c143c6121c00948f5e37e1a20083fafa5acb3667a8400c9494ab98ac75e083d2
address:0x17d532c3d0FDD2E6d5A7f8d51B27A3F7ed5AB088
[DEBUG]2018/12/15 09:38:13 ----------------------
[DEBUG]2018/12/15 09:38:13 ----------------------
[DEBUG]2018/12/15 09:38:13 eth:
private:1d68283081566d8d33e8004bc3c41c58274f86685f58c5815b8e7804dcd50f73
address:0x0e98D33416B795ad8A21B51aE641004e5c0ea244
[DEBUG]2018/12/15 09:38:13 ----------------------
[DEBUG]2018/12/15 09:38:14 ----------------------
[DEBUG]2018/12/15 09:38:14 eth:
private:ade5e29585d3791ca167b5a1f1971eda64c66b98b7ee36daad3116eddc59a86a
address:0x09EAaEeA529E844CC4E2A0B26143Ac0323444e0C
[DEBUG]2018/12/15 09:38:14 ----------------------
[DEBUG]2018/12/15 09:38:14 ----------------------
[DEBUG]2018/12/15 09:38:14 btc:
private:5HtjzyraZzwYex4mN3171zuapQyv6obgtZeKCTGCyptw6MDSH9F
address:1FZD8uvEfuQmbyE6vGgPHT9NBdcijJnxtt
[DEBUG]2018/12/15 09:38:14 ----------------------
[DEBUG]2018/12/15 09:38:14 ----------------------
[DEBUG]2018/12/15 09:38:14 eth:
private:a3dcca15718cc6155e58bdf716730e476eab0f0283269048a121ec879839d62b
address:0x773762f1Ae53294486F0C5268015B3dB50702a19
[DEBUG]2018/12/15 09:38:14 ----------------------
[DEBUG]2018/12/15 09:38:14 ----------------------
[DEBUG]2018/12/15 09:38:14 btc:
private:5JVosb89vxZXZcHp916YpVpBHJNs2SxiF9nMGRyqQiy6jrvTfuW
address:1B8oyEi1pg58KNzkXJ6J6NhfbjjUbVgMYU
[DEBUG]2018/12/15 09:38:14 ----------------------
[DEBUG]2018/12/15 09:38:14 ----------------------
[DEBUG]2018/12/15 09:38:14 eth:
private:cc03399d44eee51459f69e97569a7297530bf28fa7a62b730dedf549b363a6b7
address:0x2422fF91aDBb74B1280b0d4307A89412B1977650
[DEBUG]2018/12/15 09:38:14 ----------------------
[DEBUG]2018/12/15 09:38:14 ----------------------
[DEBUG]2018/12/15 09:38:14 btc:
private:5KHC6P2mGBsTGdmGbf12S2jpKuJKfFNuTqnwFnL6A62JZz5zZdn
address:1KbsHCQUTqFjiFTGfxJKf2Fhud78Nzie8k
[DEBUG]2018/12/15 09:38:14 ----------------------
[DEBUG]2018/12/15 09:38:14 ----------------------
[DEBUG]2018/12/15 09:38:14 eth:
private:dd25a4e9f28dea895bab8be51a5d1adc51538790bd0160a3f0a351d5ee044c85
address:0x40155bc94666cae6b33dD2997C89e6768F306ee9
[DEBUG]2018/12/15 09:38:14 ----------------------
[DEBUG]2018/12/15 09:38:15 ----------------------
[DEBUG]2018/12/15 09:38:15 btc:
private:5J7H4DK5Dx1TgKJpj8vQRydyFxvUQTngaHN7nXkNTHmJSNEU7XE
address:19BHWsR3DsdJN97kamf9MaUrcL5avkhUr8
[DEBUG]2018/12/15 09:38:15 ----------------------
[DEBUG]2018/12/15 09:38:15 ----------------------
[DEBUG]2018/12/15 09:38:15 eth:
private:dc2b1c5a18e55954326628a8ef44879887c752a1af5abaeec412a9384b498840
address:0x9dfD7A1c595054b48E24EEaf1B942FBebfD467BD
[DEBUG]2018/12/15 09:38:15 ----------------------
[DEBUG]2018/12/15 09:38:15 ----------------------
[DEBUG]2018/12/15 09:38:15 eth:
private:3ecc85c1a18c147dadf45e8ab3845742dea39db671b7dd728cf61c82b71b7e5d
address:0xCc99ED728b1E88640144f9B703e436aDB2811E7A
[DEBUG]2018/12/15 09:38:15 ----------------------
[DEBUG]2018/12/15 09:38:15 ----------------------
[DEBUG]2018/12/15 09:38:15 btc:
private:5KF5PpAujwC6HpXFKQHZ9Cm1wvSAJtY1e25oF4aTRBJYFjvudfT
address:1BLYQxe9mxwqkYDVUwNxorTfMriXZzBpWD
[DEBUG]2018/12/15 09:38:15 ----------------------
[DEBUG]2018/12/15 09:38:15 ----------------------
[DEBUG]2018/12/15 09:38:15 eth:
private:7ab74ea100be881cc3e142c23fcea9da84dbc32ce3e135d84a535024bac86e26
address:0x07784bb4d58264a02264e65d1951bfAC4b50359b
[DEBUG]2018/12/15 09:38:15 ----------------------
[DEBUG]2018/12/15 09:38:15 ----------------------
[DEBUG]2018/12/15 09:38:15 btc:
private:5KNo5B79agMpx5PPHdo7RLw4KbW2jP81GcczUBvkLEhWDmDHRi3
address:1PuJVbP1fKZoruub4zEb4hiGzUZ3Xgq8Ye
[DEBUG]2018/12/15 09:38:15 ----------------------
[DEBUG]2018/12/15 09:38:15 ----------------------
[DEBUG]2018/12/15 09:38:15 eth:
private:93756a9d1ff43fa2929a9f16221666f44740a39e2b7ef52f081e4bf22e1ce2d6
address:0x8cCa1521D192C5dEC65878dc501c6Cfb39aE4026
[DEBUG]2018/12/15 09:38:15 ----------------------
[DEBUG]2018/12/15 09:38:16 ----------------------
[DEBUG]2018/12/15 09:38:16 btc:
private:5KYnDdMBoi53C2dGt6yRBdnVapmiKCEEnip7txVhwFdjBWdF1X6
address:1KhHpiP2oJ8mWG3gjFeqdcX2tXZmo3foNV
[DEBUG]2018/12/15 09:38:16 ----------------------
[DEBUG]2018/12/15 09:38:16 ----------------------
[DEBUG]2018/12/15 09:38:16 eth:
private:70d0f5f42fbb6e02daf87c242a99974b8afa343546e634a32a4050824f8407a6
address:0xFe23509fd1bc1F71bf2Fa5cf7091DeFD3b937a1c
[DEBUG]2018/12/15 09:38:16 ----------------------
[DEBUG]2018/12/15 09:38:16 ----------------------
[DEBUG]2018/12/15 09:38:16 btc:
private:5KYU6CrySETAosoSdJAJDKRz3Dq47thVBNv8gaY8Ah6W4aVMrFZ
address:1BQGZXNttPgeDSXuCQA1Nt1VE4QeTbqgAM
[DEBUG]2018/12/15 09:38:16 ----------------------
[DEBUG]2018/12/15 09:38:16 ----------------------
[DEBUG]2018/12/15 09:38:16 eth:
private:91d357b21afe4118a662d79add365245b7080a88f5a565b3ca78be472eb8e8ea
address:0x401e6049F0d55ff2aFBE46BD22cd7C00a84684Ba
[DEBUG]2018/12/15 09:38:16 ----------------------
[DEBUG]2018/12/15 09:38:16 ----------------------
[DEBUG]2018/12/15 09:38:16 eth:
private:92f0f2258279446a51fa4f5b92fd309fe34b681df431c380574f84a9023c8513
address:0xAf0D9138f1b42d41aa627693A2709338CBC506eE
[DEBUG]2018/12/15 09:38:16 ----------------------
[DEBUG]2018/12/15 09:38:16 ----------------------
[DEBUG]2018/12/15 09:38:16 btc:
private:5Hv15pkr5BWFb9WyYykn6JPQ1pb3P6Vrgjy73m1TmbWGSAuKsNV
address:1KvUNkdyi78jUHJZH6fQsffwP3ohPGpzvc
[DEBUG]2018/12/15 09:38:16 ----------------------
[DEBUG]2018/12/15 09:38:17 ----------------------
[DEBUG]2018/12/15 09:38:17 eth:
private:17478d41eb7b0723dc5a0b8564b47809b2552b9b0a724c707182f001f251ea68
address:0x04A6eBa23E982a021c4c130d155FaC8A6837303f
[DEBUG]2018/12/15 09:38:17 ----------------------
[DEBUG]2018/12/15 09:38:17 ----------------------
[DEBUG]2018/12/15 09:38:17 eth:
private:16beb94ccd09544029218a1adf6aeb73d01e624132eb17ca27e2a84b9aef3c8d
address:0x98884A876441b6C703b47937f12A1ad6C5fa876C
[DEBUG]2018/12/15 09:38:17 ----------------------
[DEBUG]2018/12/15 09:38:17 ----------------------
[DEBUG]2018/12/15 09:38:17 eth:
private:30492f57f5f70e23d0e17d0d62f64bd6e7d70c022896220b693101ad552a9e63
address:0xFD496479B097f88e0A1E625B1589E7c9e123F6B0
[DEBUG]2018/12/15 09:38:17 ----------------------
[DEBUG]2018/12/15 09:38:18 ----------------------
[DEBUG]2018/12/15 09:38:18 btc:
private:5JFqBB99z2rFGJ25B4zKMdbSF9ytqEvz5EceRCDifvtyPQZfjWY
address:147zT6dDc6RtfmbwwQ6y4wxKUvm49qtpxX
[DEBUG]2018/12/15 09:38:18 ----------------------
[DEBUG]2018/12/15 09:38:18 ----------------------
[DEBUG]2018/12/15 09:38:18 eth:
private:08f030d22048aa1b27ee7174df4fcae59401a432de67f8b4b3a361c7fa5e6266
address:0x7C1BC9Beec625EA58c7644ce13dCb8a08cFf05e6
[DEBUG]2018/12/15 09:38:18 ----------------------
[DEBUG]2018/12/15 09:38:18 ----------------------
[DEBUG]2018/12/15 09:38:18 btc:
private:5KEJpmxVdoeRWrZ78extGFbfKdEgPKwVzVCRgaLt29KVqKxPFAY
address:1KdQMPjbMRSgiVu3UhU9Tv2km6cg4pKLZa
[DEBUG]2018/12/15 09:38:18 ----------------------
[DEBUG]2018/12/15 09:38:18 ----------------------
[DEBUG]2018/12/15 09:38:18 eth:
private:a7515d9ab9f54a6585f926530d328e772e19c8026fe5f600556c9007bb19366d
address:0xB07C4005Ab7ea30c1a6bcF17cBf6d1dfEdcd198a
[DEBUG]2018/12/15 09:38:18 ----------------------
[DEBUG]2018/12/15 09:38:18 ----------------------
[DEBUG]2018/12/15 09:38:18 btc:
private:5K1FsfT6nBFF6fW3gNHmpK2azBu96JjgTtH83PJC975CJLfGbWK
address:157UaVv8jBuZrc7BTQqdYMKvqYEFDayTY6
[DEBUG]2018/12/15 09:38:18 ----------------------
[DEBUG]2018/12/15 09:38:18 ----------------------
[DEBUG]2018/12/15 09:38:18 eth:
private:848f75b280fcaf54db1d04e70038cf6d4c23a80dcc1e58dca79243f44d1a7ca5
address:0xA33b2AB9CF6Adc064FFaC8b3bD78A5f73206268A
[DEBUG]2018/12/15 09:38:18 ----------------------
[DEBUG]2018/12/15 09:38:18 ----------------------
[DEBUG]2018/12/15 09:38:18 eth:
private:5147da9b7c5f7378a47bd7a235fc3107a4054f32eeb163d950012bcfae60a20d
address:0xDF86f2D1E4EF6A181D79A01eBa5a5d6C6D98f8D1
[DEBUG]2018/12/15 09:38:18 ----------------------
[DEBUG]2018/12/15 09:38:19 ----------------------
[DEBUG]2018/12/15 09:38:19 btc:
private:5JGx2tBwDskzmmX8mwa873YgmUiRumPCmaBWhRUBDWNxoZzURCT
address:19SNdYPXto9zM8KtGWB3SbqoxrbgtqCjvp
[DEBUG]2018/12/15 09:38:19 ----------------------
[DEBUG]2018/12/15 09:38:19 ----------------------
[DEBUG]2018/12/15 09:38:19 eth:
private:8ff3a6b10384277e6189488911638cf76992c7585a3cfc3282cc15a746e1273b
address:0xF855fED8519cC8F3da265761Cd3b9ef9b110D857
[DEBUG]2018/12/15 09:38:19 ----------------------
[DEBUG]2018/12/15 09:38:19 ----------------------
[DEBUG]2018/12/15 09:38:19 btc:
private:5K5DmXtPAvxN5as6WaoSxf1kTXaJeoWK1uGoqSq2Z5uBx17GLEB
address:1AzWYN5QwfVKNfchtpEWG758r9Kd2enKM
[DEBUG]2018/12/15 09:38:19 ----------------------
[DEBUG]2018/12/15 09:38:19 ----------------------
[DEBUG]2018/12/15 09:38:19 eth:
private:1d754edf22042e466a99b0fdaf5419751a2514a3ec97cdc31f0e5689a8f1f7dc
address:0x6A227013701C90a1C5261A1Cb27B4d30F4DC3F56
[DEBUG]2018/12/15 09:38:19 ----------------------
[DEBUG]2018/12/15 09:38:19 ----------------------
[DEBUG]2018/12/15 09:38:19 btc:
private:5JgjWWKqGSvvDGaVj8yfxbJKT2YSr9Gf88mzZG15SX4Zy6sifsc
address:18nCpVcjLRhrEHvCrWfqkprNLYC99w8mAb
[DEBUG]2018/12/15 09:38:19 ----------------------
[DEBUG]2018/12/15 09:38:19 ----------------------
[DEBUG]2018/12/15 09:38:19 eth:
private:bf5ff0c7218e4c60b0252f621a43ad6f6afe6caf84cd80cfc6256c32355b2a50
address:0x8a6E909D4999C850674FcAD785B4596B89c9fF74
[DEBUG]2018/12/15 09:38:19 ----------------------
[DEBUG]2018/12/15 09:38:19 ----------------------
[DEBUG]2018/12/15 09:38:19 eth:
private:05ddf99c6e8d2f14c69824b32e941469b00ba5b8bb899e45ee07f5a4614e51b1
address:0x609F43546bA68BD10689C635499449F42181F076
[DEBUG]2018/12/15 09:38:19 ----------------------
[DEBUG]2018/12/15 09:38:19 ----------------------
[DEBUG]2018/12/15 09:38:19 btc:
private:5JcfXjne1dPmv8gH2tfGZheCxG5QvDiuL4eSC68Tvj8YpqsNt3T
address:1DH3ViqAXzwbU5TYwz8W36uoGQJsZXeot2
[DEBUG]2018/12/15 09:38:19 ----------------------
[DEBUG]2018/12/15 09:38:20 ----------------------
[DEBUG]2018/12/15 09:38:20 eth:
private:49c6b895143bdde2e12f3d6dde08faeb14536ef1c39817192401e5d04a8a3776
address:0x05cc2Ed3d0F118a3d653f004FAFd12Fa4137cCD5
[DEBUG]2018/12/15 09:38:20 ----------------------
[DEBUG]2018/12/15 09:38:20 ----------------------
[DEBUG]2018/12/15 09:38:20 btc:
private:5J8WwbQdyiCocofYNT58kBiWvHyi8VHairnzisYrDYqmB3V5rRT
address:1EJQiL7WTY1XJbfMQMycxua9n86rC7oaYM
[DEBUG]2018/12/15 09:38:20 ----------------------
[DEBUG]2018/12/15 09:38:20 ----------------------
[DEBUG]2018/12/15 09:38:20 eth:
private:9a82d643a423e1d0dbd00af42cfe92fda89ee00213aa8ccee530ab903a6f90bb
address:0xBA748701B54d07eCD85e376c859FFeEa931A7C60
[DEBUG]2018/12/15 09:38:20 ----------------------
[DEBUG]2018/12/15 09:38:20 ----------------------
[DEBUG]2018/12/15 09:38:20 btc:
private:5KSuZUKYj9mXHMjrC2bkQc9kXDavXPbJnkFyo9g8zghENuJDZBA
address:1HV5gB5ztCAkKD7RkQU7rrnmhE6mmR4KQF
[DEBUG]2018/12/15 09:38:20 ----------------------
[DEBUG]2018/12/15 09:38:20 ----------------------
[DEBUG]2018/12/15 09:38:20 eth:
private:6e39a7e75460b80dd5d6b6081d7736c9c4bc85e7b89b0a7351667b99355eb996
address:0xb88B1B33446aA56a24a64D5A0514760F6C140EAA
[DEBUG]2018/12/15 09:38:20 ----------------------
[DEBUG]2018/12/15 09:38:20 ----------------------
[DEBUG]2018/12/15 09:38:20 btc:
private:5HrbzvcCVfkisAe4WGYNdDJKgMs5kqHVU95ZDrRFXuCRG51nP9E
address:129BXxE8eL6JV8tRevhgnmiBYSvbEnRfib
[DEBUG]2018/12/15 09:38:20 ----------------------
[DEBUG]2018/12/15 09:38:20 ----------------------
[DEBUG]2018/12/15 09:38:20 eth:
private:8363e43c7bae0bfcb43ac6405fba5a8dd801aa9f1c75f4ba75c62856ce57e330
address:0x3B6b30Ff51fe7745242081696b6dAF966A39DBC7
[DEBUG]2018/12/15 09:38:20 ----------------------
[DEBUG]2018/12/15 09:38:21 ----------------------
[DEBUG]2018/12/15 09:38:21 eth:
private:aa5ee07ef1c506a3f5ad48059d6b49562b6e85f3477a2f9502bd9f6233da45ad
address:0x4CE738A96cEFDa5eBb7daB98edDeC25141382Bd5
[DEBUG]2018/12/15 09:38:21 ----------------------
[DEBUG]2018/12/15 09:38:21 ----------------------
[DEBUG]2018/12/15 09:38:21 btc:
private:5Jk7ndSiBUg8bgB6nYqE5xjzF5jbA8HJcAZy5gviUsH2kNvWzNS
address:1GAVpuYjh9wgQpYTbQs9nnLRPEE9XNa783
[DEBUG]2018/12/15 09:38:21 ----------------------
[DEBUG]2018/12/15 09:38:21 ----------------------
[DEBUG]2018/12/15 09:38:21 eth:
private:1f09414ef90726e05c19415157c6f92f5ac9d7401fe6c25b0af4b1b0c6d39860
address:0xee11f5Bf92541917Abec7A864F75f34617d94028
[DEBUG]2018/12/15 09:38:21 ----------------------
[DEBUG]2018/12/15 09:38:21 ----------------------
[DEBUG]2018/12/15 09:38:21 eth:
private:aaad1bb5629c69f635f46fe38ab9150a81722c39062cf58dda02667bae754285
address:0x5a6C22accca5D156b944458dC94f39F52922Aa6c
[DEBUG]2018/12/15 09:38:21 ----------------------
[DEBUG]2018/12/15 09:38:21 ----------------------
[DEBUG]2018/12/15 09:38:21 eth:
private:457f9f813bfbbaea7221f13fd03097747b08441bbe879a962207a851a93fd55a
address:0x7D5e7Bd5D3F134767b1b9164641A6F63416c2Ed5
[DEBUG]2018/12/15 09:38:21 ----------------------
[DEBUG]2018/12/15 09:38:22 ----------------------
[DEBUG]2018/12/15 09:38:22 btc:
private:5K71xQnJG6GaKszLyTkViaefCu9JzKLZDFXqfSQa1WZNtMPTL9c
address:14dPRBAoRuikE2oKixHWdabCKbRoQTR1dL
[DEBUG]2018/12/15 09:38:22 ----------------------
[DEBUG]2018/12/15 09:38:22 ----------------------
[DEBUG]2018/12/15 09:38:22 eth:
private:7180b2d6c5a690118a8bf290f7a7140854f876f5b037b5f13d08fa9294139868
address:0xa2414C6D41DC4e2B94862273135E72D77df86B4A
[DEBUG]2018/12/15 09:38:22 ----------------------
[DEBUG]2018/12/15 09:38:22 ----------------------
[DEBUG]2018/12/15 09:38:22 btc:
private:5JW9h8WQ5mZqhrWMVKGwPsv75apGCRSjfthhB6ra1mnu5QCKF6s
address:1Jy8B2qjnL3G9zwkNTdhVdLMG3wPvDdKQV
[DEBUG]2018/12/15 09:38:22 ----------------------
[DEBUG]2018/12/15 09:38:22 ----------------------
[DEBUG]2018/12/15 09:38:22 eth:
private:afe53f07e0c888714071cfd0ab37794f2cac89abc5b974f213fd1913c96ac7e7
address:0xFf79e6C45DC3050a3cA1f91a2D072B64d9baD836
[DEBUG]2018/12/15 09:38:22 ----------------------
[DEBUG]2018/12/15 09:38:22 ----------------------
[DEBUG]2018/12/15 09:38:22 btc:
private:5JBTNVx57PC1SWfLoEds2cvkztJ2PBoLgh1zuMG2seE9tfowe5h
address:1CaXqHL9VA2RznB55sFofuJ3cQ5G3pRg2t
[DEBUG]2018/12/15 09:38:22 ----------------------
[DEBUG]2018/12/15 09:38:22 ----------------------
[DEBUG]2018/12/15 09:38:22 eth:
private:fa028a83435f19de2b358e6ca26701596dfc9607536c21d86f1e4df12ca79e85
address:0xc2546E0210DC0f477EBc3cD9cEB592170b1953A3
[DEBUG]2018/12/15 09:38:22 ----------------------
[DEBUG]2018/12/15 09:38:22 ----------------------
[DEBUG]2018/12/15 09:38:22 btc:
private:5HykqZZh4YhvjgG8dPn5CsLSb69cQVjhfpk4NwY2sqBDb5VyiBA
address:1EM2JHaR9hh5qZW6vvbxc1qUUFB2LxgLdc
[DEBUG]2018/12/15 09:38:22 ----------------------
[DEBUG]2018/12/15 09:38:23 ----------------------
[DEBUG]2018/12/15 09:38:23 eth:
private:d0204cfdafef520a51d37efec30df1d99ffe8f2e21b0f444f5a0a4bd997f8ce4
address:0x807C8861f9Aff82971CDaDD4D47E389c94E378B7
[DEBUG]2018/12/15 09:38:23 ----------------------
[DEBUG]2018/12/15 09:38:23 ----------------------
[DEBUG]2018/12/15 09:38:23 eth:
private:bc8b2b231a4e4b520af4920eba165f775650a73d0ecdd48a4a29ff203075b2f1
address:0x3D9945a93aE70c590041b81a0D4c2F7Be9B784D6
[DEBUG]2018/12/15 09:38:23 ----------------------
[DEBUG]2018/12/15 09:38:23 ----------------------
[DEBUG]2018/12/15 09:38:23 btc:
private:5JTxtDdHEDbmeEP4du9To63JxEEV74wjnUpcGsENx1EHNpwqvP4
address:1KtwPT5UoPczWbttKLFEXnqXSiTr6jJro8
[DEBUG]2018/12/15 09:38:23 ----------------------
[DEBUG]2018/12/15 09:38:23 ----------------------
[DEBUG]2018/12/15 09:38:23 eth:
private:91578ee4c74d0e72ba020b42607bc7bdf67b5f6309cc50c87492321722569781
address:0x1DF2B14D80C099f94bD87704C65e058745b87dd3
[DEBUG]2018/12/15 09:38:23 ----------------------
[DEBUG]2018/12/15 09:38:23 ----------------------
[DEBUG]2018/12/15 09:38:23 btc:
private:5JSKNPpyGf5tW7e6TSvRd1EmU1rPj8dLF9RMVP5hDSHddNKC7D8
address:15CDGZWToqchLhGFaFYhLPBkCPk5GB5JSz
[DEBUG]2018/12/15 09:38:23 ----------------------
[DEBUG]2018/12/15 09:38:23 ----------------------
[DEBUG]2018/12/15 09:38:23 eth:
private:bd79150bbd2db181d496ffa71963f22f50595ed85b776c5175f5537661751815
address:0x2eC1644Cff2aC8367E11254011151DE3D8f90Bbc
[DEBUG]2018/12/15 09:38:23 ----------------------
[DEBUG]2018/12/15 09:38:24 ----------------------
[DEBUG]2018/12/15 09:38:24 eth:
private:6ee86b6fb59f6b14034f6248fe69a313da493eeb5f6b341b9ac959716296e035
address:0x58CfF5c71902c31489325767F705Bec0Da124f81
[DEBUG]2018/12/15 09:38:24 ----------------------
[DEBUG]2018/12/15 09:38:24 ----------------------
[DEBUG]2018/12/15 09:38:24 eth:
private:b19232d2f3c65fd4adf9e6e4c53be25574365a9b24e0978726871bede9371f4e
address:0x1A5FE9cdBBFb41dE29A4be561527D133D81a21C2
[DEBUG]2018/12/15 09:38:24 ----------------------
[DEBUG]2018/12/15 09:38:24 ----------------------
[DEBUG]2018/12/15 09:38:24 eth:
private:e5e271145fedca63d67d2d74e93bdbfc7f5b17289b4184e7844b6903bccfadd8
address:0x5492A11473b5a6857C82dD866E923AEdD4d49c3D
[DEBUG]2018/12/15 09:38:24 ----------------------
[DEBUG]2018/12/15 09:38:24 ----------------------
[DEBUG]2018/12/15 09:38:24 eth:
private:cda0fe7b92456a60f2c15f2e5ad8b8e283d7a7652b794d3cf5e9be4be483e744
address:0x7Fd824BdA3C503175523810A06c0e323E2F4bE5C
[DEBUG]2018/12/15 09:38:24 ----------------------
[DEBUG]2018/12/15 09:38:25 ----------------------
[DEBUG]2018/12/15 09:38:25 eth:
private:0a2472b724a6d9c610b53c7844863fc855076630e438ce8c88878ca7101c24b9
address:0xaA83B3E8669cA33f80BAff601fA94c1fEE641F17
[DEBUG]2018/12/15 09:38:25 ----------------------
[DEBUG]2018/12/15 09:38:25 ----------------------
[DEBUG]2018/12/15 09:38:25 btc:
private:5JRZtc8e7XTxLk45Akrd2LmzdUKdkrKZ9FL8xwdCPJMQTtoyqEX
address:1CMCN2xrMDSB5jeuesi3HS3AXAuvPcqhAU
[DEBUG]2018/12/15 09:38:25 ----------------------
[DEBUG]2018/12/15 09:38:25 ----------------------
[DEBUG]2018/12/15 09:38:25 eth:
private:0a0d7272f7e3497096823a4e81a2ab9f6988806d9fc2dbe88b51f7819557dbc3
address:0x9b5499D14a791f2348EC756FE05883A143B315d7
[DEBUG]2018/12/15 09:38:25 ----------------------
[DEBUG]2018/12/15 09:38:25 ----------------------
[DEBUG]2018/12/15 09:38:25 eth:
private:a55f412a0bf935aeb981013f5be299fda572d0b0d0e4e9f10b6d952bc7fc76db
address:0x8bbA2581EB532012AF56dA1C8FA4b62c552c9f08
[DEBUG]2018/12/15 09:38:25 ----------------------
[DEBUG]2018/12/15 09:38:26 ----------------------
[DEBUG]2018/12/15 09:38:26 btc:
private:5K6P88mSuo33nuNgsyxsHkNGf3TAYET5mfVvwh16MA7fxfFKBch
address:1HYBumiAQ1wbuDe5F1fZK8rpGfzoWmYDU1
[DEBUG]2018/12/15 09:38:26 ----------------------
[DEBUG]2018/12/15 09:38:26 ----------------------
[DEBUG]2018/12/15 09:38:26 eth:
private:41a905775f0480176ba2d64dd1f2794d47a7dd4defb403be5b3007be594c7105
address:0x872f3a797160C0098b35f462feA7bDE8D1967023
[DEBUG]2018/12/15 09:38:26 ----------------------
[DEBUG]2018/12/15 09:38:26 ----------------------
[DEBUG]2018/12/15 09:38:26 btc:
private:5KEX6GWnF8KsUS2A34TkGfrvJrTMvZEQohmMqURR7adVMQc4np8
address:1LLeJhMZEkwxP4b4NJwfASxemthbvv2dB1
[DEBUG]2018/12/15 09:38:26 ----------------------
[DEBUG]2018/12/15 09:38:26 ----------------------
[DEBUG]2018/12/15 09:38:26 eth:
private:1c03182f53377a8a131d3341abaddcf9888186f308f958a6f7b5bec5d827ba70
address:0xb1Fd733671509Ef7De73447e8A0B153CC041dd9e
[DEBUG]2018/12/15 09:38:26 ----------------------
[DEBUG]2018/12/15 09:38:26 ----------------------
[DEBUG]2018/12/15 09:38:26 btc:
private:5KfRvhtfR4FB99g8QgExGbmLNstWcy2DG3d6jB8bgSY55X85tnm
address:15KPqE4R4Z7xrUC2CqPAVDrx8mtLfEESMR
[DEBUG]2018/12/15 09:38:26 ----------------------
[DEBUG]2018/12/15 09:38:26 ----------------------
[DEBUG]2018/12/15 09:38:26 eth:
private:abbc555ba2ce449afd46d099027427f7519d1aff8cc9ab0b72a06f0846cce9f2
address:0x85b5154FC71DC08cF355Be89dFdeD4723D52a512
[DEBUG]2018/12/15 09:38:26 ----------------------
[DEBUG]2018/12/15 09:38:27 ----------------------
[DEBUG]2018/12/15 09:38:27 btc:
private:5Kb5pY8QJwZkLjrgtpG2ofqXSLMxGXwcz5t9cAUbxQNr9URmqM7
address:15p6pGUD5W1tTx3AcNMozPsqzR9AWFMu4a
[DEBUG]2018/12/15 09:38:27 ----------------------
[DEBUG]2018/12/15 09:38:27 ----------------------
[DEBUG]2018/12/15 09:38:27 eth:
private:aa57293e199ecb294f499f7be5c2ad2fdc257261853ca0104107f63faceab958
address:0xFcBF89fBD039930f285F7766B750A6e6e7b76df0
[DEBUG]2018/12/15 09:38:27 ----------------------
[DEBUG]2018/12/15 09:38:27 ----------------------
[DEBUG]2018/12/15 09:38:27 btc:
private:5JuL71v848CTkyPST1gcRJgxUFDWecvWXWR5x1oDca9so3GdRYG
address:17NJ9iEtyhHvX761WDHxUKAuBLf672ou8A
[DEBUG]2018/12/15 09:38:27 ----------------------
[DEBUG]2018/12/15 09:38:27 ----------------------
[DEBUG]2018/12/15 09:38:27 eth:
private:d2d44d94081372e94410853a9da2f5b4c7ba3ba1681201a1eb96e673acc3dc12
address:0x64B682bF61324cB05adB860d64F2C20acE45752f
[DEBUG]2018/12/15 09:38:27 ----------------------
[DEBUG]2018/12/15 09:38:27 ----------------------
[DEBUG]2018/12/15 09:38:27 btc:
private:5JroXkPSN1mPjZC24HMeTgjo2rnJpS71E8DaN6bytS6FS8ZDr5C
address:1CWxAE9WsECbK74B8NLv3hCRAHmnFWoiCM
[DEBUG]2018/12/15 09:38:27 ----------------------
[DEBUG]2018/12/15 09:38:27 ----------------------
[DEBUG]2018/12/15 09:38:27 eth:
private:518de3c0869c9851f260950e6a58101051b2cd76518b4efa7429e8bb04d3b75a
address:0xB2527285f17B30994Efc128Bfb1b481F5d6b3678
[DEBUG]2018/12/15 09:38:27 ----------------------
[DEBUG]2018/12/15 09:38:27 ----------------------
[DEBUG]2018/12/15 09:38:27 btc:
private:5KNpavthNQ4cVJ9K5Uz7CppZfzfqSYhDsm6qFKcH1x3eqjSDAbQ
address:1JE1EGYEhRgVFai5vu782YG8WpYcojWuF
[DEBUG]2018/12/15 09:38:27 ----------------------
[DEBUG]2018/12/15 09:38:28 ----------------------
[DEBUG]2018/12/15 09:38:28 eth:
private:87364162d81fc0e7f1655a227cd5c87db8ae9343218b30c3dd4c0fea25d1e253
address:0xb2df13298E4153B4f26579A0eBa98C9402C4c977
[DEBUG]2018/12/15 09:38:28 ----------------------
[DEBUG]2018/12/15 09:38:28 ----------------------
[DEBUG]2018/12/15 09:38:28 btc:
private:5J3fiUTWFxcXvPF3vAXFqDQYjP7s95gcHNVQvDkUD7gmgjc2qSp
address:15cqB2Co6UnsNxBwFRxe8Ru4Sm2A7qpYr4
[DEBUG]2018/12/15 09:38:28 ----------------------
[DEBUG]2018/12/15 09:38:28 ----------------------
[DEBUG]2018/12/15 09:38:28 eth:
private:1b3e354695150d84e28e11ce4565512d3a153fb44469e2da520dd4af9864dda2
address:0xDC6619a45F1E2C630bCAdAb8CDe7A26a8aB44c6F
[DEBUG]2018/12/15 09:38:28 ----------------------
[DEBUG]2018/12/15 09:38:28 ----------------------
[DEBUG]2018/12/15 09:38:28 eth:
private:b5dd3e7983527efcce55745178d45536d5451d0918e40ee11704f1d3956b1749
address:0x826253b271C7b2E871011cdB396171F1b7B64A62
[DEBUG]2018/12/15 09:38:28 ----------------------
[DEBUG]2018/12/15 09:38:28 ----------------------
[DEBUG]2018/12/15 09:38:28 btc:
private:5KBv1ymrB5j4iHTn1TVo6mH91zUZLUs725zxJnxLewv1yxtTGMY
address:1N3mMfizjkDQdaZeTQbcMbp4LbXJEWRHPr
[DEBUG]2018/12/15 09:38:28 ----------------------
[DEBUG]2018/12/15 09:38:28 ----------------------
[DEBUG]2018/12/15 09:38:28 eth:
private:367c219627a57d3439d7ce7fb9eb5ec9d80aff9871a48dd63ed696d1ba050afe
address:0xfAAbA08Ccdc4ceC0310369A24655eFEE76ca7447
[DEBUG]2018/12/15 09:38:28 ----------------------
[DEBUG]2018/12/15 09:38:28 ----------------------
[DEBUG]2018/12/15 09:38:28 btc:
private:5K6NKPjhhXjxp7mVcxBsUbNvsnkV26jymJspHBo27zsvoBfCVUA
address:1mXa1VuLbdHxWujeYc2pjyWYTRMxZALuM
[DEBUG]2018/12/15 09:38:28 ----------------------
[DEBUG]2018/12/15 09:38:29 ----------------------
[DEBUG]2018/12/15 09:38:29 eth:
private:9b9e5af6792b34792d7a95c3ace18586a925a676c3d9b3874cb04dfecc511277
address:0xBD985A7E29A45902881E5B778E6DF374416D225d
[DEBUG]2018/12/15 09:38:29 ----------------------
[DEBUG]2018/12/15 09:38:29 ----------------------
[DEBUG]2018/12/15 09:38:29 btc:
private:5Jygqu3zKH2wTMJYFbxsForhMT8H67vZQq5wgMvXoacbYAreRJq
address:15CsTxSgAbPNLQ2eG5PphssoSaf8Dk5kaj
[DEBUG]2018/12/15 09:38:29 ----------------------
[DEBUG]2018/12/15 09:38:29 ----------------------
[DEBUG]2018/12/15 09:38:29 btc:
private:5KBV8343gk1Q63nBsJw8AjCY6avbVx1FMHFrCvuKsfBMvcnVXEA
address:1DD17fL4F41R8HcVJCBVCnM7F4mX7MxKHu
[DEBUG]2018/12/15 09:38:29 ----------------------
[DEBUG]2018/12/15 09:38:29 ----------------------
[DEBUG]2018/12/15 09:38:29 btc:
private:5KQJwfLYFfGRJa1KCtUuZEQ3Vp9tE9tys38ZXM3MUVRTzfKaZnK
address:1Gorr99CmnxLcTy3imUE4MY6Zeo9XXgkSs
[DEBUG]2018/12/15 09:38:29 ----------------------
[DEBUG]2018/12/15 09:38:30 ----------------------
[DEBUG]2018/12/15 09:38:30 eth:
private:da947ec2df9bbd28936e548aa2a156d5c796426e6af7b3e2dc6cd7e7fa13a047
address:0x14f5593fB593979C62903326386cF9a248e9b841
[DEBUG]2018/12/15 09:38:30 ----------------------
[DEBUG]2018/12/15 09:38:30 ----------------------
[DEBUG]2018/12/15 09:38:30 btc:
private:5Hz5jg81iQzp2ZfguTcZZLXcT455Lemdvf2DGdzwAscikYQwiW5
address:1CQtZiDKdhrUNMSeYG2yJj8qfDe2AasFku
[DEBUG]2018/12/15 09:38:30 ----------------------
[DEBUG]2018/12/15 09:38:30 ----------------------
[DEBUG]2018/12/15 09:38:30 eth:
private:84f32fdc4a7b2963e44442c974632211dfeae62c346ab91b59eff3073592d9c7
address:0xee37DCB3CA63EA33E30989dE794039D4Cfd45835
[DEBUG]2018/12/15 09:38:30 ----------------------
[DEBUG]2018/12/15 09:38:30 ----------------------
[DEBUG]2018/12/15 09:38:30 eth:
private:c9e2d0da59f08611b6f9a4949363b32a157cb472345502c6818f84473d73a0ed
address:0x7f2Df4D7AcBFa8fE757d61Be70CD4e1644df2597
[DEBUG]2018/12/15 09:38:30 ----------------------
[DEBUG]2018/12/15 09:38:30 ----------------------
[DEBUG]2018/12/15 09:38:30 btc:
private:5KC7RJ5W3pHeiVaxdP1dt2HGqpQr8EhcYmUYCmKJvqz5azWD7PE
address:1L4VW6EAU399WyQkkepqf89Zyictszfbp3
[DEBUG]2018/12/15 09:38:30 ----------------------
[DEBUG]2018/12/15 09:38:31 ----------------------
[DEBUG]2018/12/15 09:38:31 eth:
private:ac8ef07ba449e9791e4482f8901ff4efc86e0fc1ea24e2bf436c61823a4a4338
address:0xa743Cf6812b3CEae7F4EF515C5527cf832b6830C
[DEBUG]2018/12/15 09:38:31 ----------------------
[DEBUG]2018/12/15 09:38:31 ----------------------
[DEBUG]2018/12/15 09:38:31 btc:
private:5JsR48veZBzyCi6LFTHGaiiU3U8guzuWrofkmpw4aJAAK4jenqg
address:1LPLH73ZPX91sXf5kNVP3uK5rV5WDJD3Cu
[DEBUG]2018/12/15 09:38:31 ----------------------
[DEBUG]2018/12/15 09:38:31 ----------------------
[DEBUG]2018/12/15 09:38:31 eth:
private:685aed7780f16cc6d20f0e346bf97d768c6f2b31c95e64996684df17d15286b2
address:0xb5d628418F3c0d7b52DdB5B84e821d5B29ec12b8
[DEBUG]2018/12/15 09:38:31 ----------------------
[DEBUG]2018/12/15 09:38:31 ----------------------
[DEBUG]2018/12/15 09:38:31 btc:
private:5JHQ6jC1N97Z6FNBu7c7nzdq4LTKpuJrHrcZEszJg7XwYjerxXm
address:1JHZD7yTfMHebT8TzcS6UwKcUFxx3DdLf3
[DEBUG]2018/12/15 09:38:31 ----------------------
[DEBUG]2018/12/15 09:38:31 ----------------------
[DEBUG]2018/12/15 09:38:31 btc:
private:5JyK1g8F25xoykHESAGWrqsF1gk79tQyvnL8ZNvJQ3dZbWxpA1o
address:1127vYFZn15cs3zYEyvcVdTXqtpiFyymDm
[DEBUG]2018/12/15 09:38:31 ----------------------
[DEBUG]2018/12/15 09:38:32 ----------------------
[DEBUG]2018/12/15 09:38:32 eth:
private:70d892a8537a25261d5baffa5581cd81818d849c260fec3921cfe26270ee3cd1
address:0x0C4705F65272E880A8fdE0f81FD5A95dC8592937
[DEBUG]2018/12/15 09:38:32 ----------------------
[DEBUG]2018/12/15 09:38:32 ----------------------
[DEBUG]2018/12/15 09:38:32 btc:
private:5Jw9np5pDzXkoGTEbv8Hv8vCD4TRmFi821s5mMqqUYHeVLr5fq5
address:1F6tTxfS28BbDzo2opnPwenpPY5E2M4LyT
[DEBUG]2018/12/15 09:38:32 ----------------------
[DEBUG]2018/12/15 09:38:32 ----------------------
[DEBUG]2018/12/15 09:38:32 eth:
private:6644960ee4d4b756e104e4087c9a6cd1f3c75a1015415b922fc1ad5e8cde7249
address:0x949b940491cabaa603753A372EBDE6026e881f01
[DEBUG]2018/12/15 09:38:32 ----------------------
[DEBUG]2018/12/15 09:38:32 ----------------------
[DEBUG]2018/12/15 09:38:32 eth:
private:13662b0aa2898a82678bff2e297479784a5bf2f47351a79b98fa680766d0dc23
address:0xDEA8be59f0A24A21E9f6e6434a5F482d67C797eB
[DEBUG]2018/12/15 09:38:32 ----------------------
[DEBUG]2018/12/15 09:38:32 ----------------------
[DEBUG]2018/12/15 09:38:32 btc:
private:5KGGL5wC3t6u9uvBUk13mZaeHRncdkGof4j61FBVEsfsWiS8ykH
address:1CPqkHg9ACAGtiXi1skPtnNxKeTgRjbVa8
[DEBUG]2018/12/15 09:38:32 ----------------------
[DEBUG]2018/12/15 09:38:32 ----------------------
[DEBUG]2018/12/15 09:38:32 eth:
private:16458d33533be144b2fd7e3a481ecc04c2e8951bf0a8770ad595bd4645569e46
address:0x726296c35D47299F7A6E06AF1c37D314c925Dd3e
[DEBUG]2018/12/15 09:38:32 ----------------------
